{"/Users/marcuslongmuir/workspace/FieldVal/fieldval-ui/fieldval-ui.js":{"b":{"1":[166,83],"10":[101,38],"100":[6,3],"101":[0,6],"102":[12,18],"103":[0,0],"104":[0,0],"105":[0,0],"106":[0,0],"107":[11,11],"108":[9,2],"109":[18,27],"11":[14,137],"110":[2,0],"111":[0,2],"112":[0,2],"113":[0,2],"114":[4,6],"115":[2,0],"116":[15,13],"117":[11,4],"118":[0,4],"119":[0,4],"12":[6,145],"120":[4,0],"121":[0,0],"122":[16,0],"123":[2,16],"124":[16,0],"125":[22,0],"126":[16,6],"127":[18,0],"128":[0,0],"129":[0,0],"13":[151,46],"130":[0,0],"131":[0,0],"132":[0,0],"133":[0,0],"134":[0,0],"135":[0,0],"136":[0,0],"137":[0,0],"138":[0,0],"139":[0,0],"14":[0,0],"140":[0,0],"141":[0,0,0,0],"142":[0,0],"143":[25,23],"144":[19,6],"145":[26,0],"146":[26,0],"147":[26,0],"148":[12,0],"149":[6,0],"15":[0,0],"150":[0,1],"151":[1,1],"152":[0,0],"153":[0,0],"154":[0,0],"155":[0,0],"156":[0,0],"157":[0,0],"158":[0,0],"159":[0,0],"16":[0,0],"160":[0,0],"161":[0,0],"162":[0,0],"163":[28,0],"164":[0,0],"165":[0,0],"166":[0,0],"167":[0,0],"168":[0,0],"169":[0,0],"17":[0,0],"170":[0,0],"171":[0,0],"172":[0,0],"173":[0,0],"174":[0,0],"175":[0,0],"176":[0,0],"177":[0,0],"178":[0,0],"179":[0,0],"18":[0,0],"180":[0,0],"181":[0,0],"182":[0,0],"183":[0,0],"184":[0,0],"185":[0,0],"186":[0,0],"187":[0,0],"188":[0,0],"189":[0,0],"19":[0,0],"190":[0,0],"191":[0,0],"192":[20,8],"193":[8,0],"194":[8,8],"195":[28,8],"196":[1,0],"197":[0,10],"198":[10,0],"199":[10,0],"2":[0,166],"20":[13,0],"200":[4,0],"201":[4,0],"202":[0,18],"203":[0,18],"204":[0,2],"205":[2,0,0],"206":[2,0],"207":[2,0],"208":[2,0],"209":[2,0],"21":[0,13],"210":[0,0],"211":[0,0],"212":[0,0],"213":[0,0],"214":[0,0,0,0],"215":[0,0],"216":[0,0],"217":[0,0],"218":[0,0],"219":[0,0],"22":[13,0],"220":[21,21],"221":[15,6],"222":[6,0],"223":[14,0],"224":[14,0],"225":[14,0],"226":[0,14],"227":[6,0],"228":[0,10],"229":[4,0],"23":[0,0],"230":[4,0],"231":[0,18],"232":[0,18],"233":[46,18],"234":[46,0],"235":[36,28],"236":[0,2],"237":[0,0],"238":[2,0],"239":[2,0],"24":[0,76],"240":[2,0],"241":[2,0],"242":[0,0],"243":[0,0],"244":[0,0],"245":[0,0],"246":[0,0],"247":[0,0,0,0],"248":[0,0],"249":[0,0],"25":[6,70],"250":[0,0],"251":[0,0],"252":[0,0],"253":[0,0],"254":[21,21],"255":[15,6],"256":[24,0],"257":[24,0],"258":[6,0],"259":[0,0],"26":[6,0],"260":[0,0],"261":[14,0],"262":[14,0],"263":[14,0],"264":[14,0],"265":[6,0],"266":[0,1],"267":[0,0],"268":[0,0],"269":[31,31],"27":[6,6],"270":[0,31],"271":[31,62],"272":[0,62],"273":[62,31],"274":[0,0],"275":[0,31],"276":[0,31],"277":[323,526],"278":[533,839],"279":[0,31],"28":[0,76],"280":[0,31],"281":[0,31],"282":[0,31],"283":[31,0],"284":[5,5],"285":[5,0],"286":[0,0],"287":[0,0],"288":[1,0],"289":[1,1],"29":[70,6],"3":[0,0],"30":[76,76,76],"31":[0,0],"32":[0,0],"33":[0,0,0],"34":[0,0],"35":[0,0],"36":[0,0],"37":[4,0],"38":[274,238],"39":[196,78],"4":[0,0],"40":[0,196],"41":[196,0],"42":[46,150],"43":[78,0],"44":[0,2],"45":[6,6],"46":[4,2],"47":[2,0],"48":[0,12],"49":[0,12],"5":[26,140],"50":[0,12],"51":[0,0],"52":[12,0],"53":[4,0],"54":[4,4],"55":[4,4],"56":[4,4],"57":[2,0],"58":[0,0],"59":[0,0],"6":[140,26],"60":[0,0],"61":[0,0],"62":[0,0],"63":[0,4],"64":[0,0],"65":[0,0],"66":[0,0],"67":[0,0],"68":[0,0],"69":[0,0],"7":[0,166],"70":[0,0,0],"71":[0,0],"72":[0,0],"73":[0,0],"74":[3,1],"75":[0,4],"76":[12,0],"77":[4,8],"78":[4,0],"79":[4,0],"8":[18,0],"80":[4,0],"81":[0,0],"82":[2,2],"83":[0,2],"84":[0,2],"85":[2,0],"86":[0,0],"87":[0,0],"88":[0,0],"89":[0,0],"9":[16,85],"90":[0,0],"91":[0,0],"92":[0,0],"93":[0,0],"94":[0,0],"95":[4,2],"96":[2,2],"97":[2,0],"98":[2,0],"99":[0,6]},"branchMap":{"1":{"line":14,"locations":[{"end":{"column":27,"line":14},"start":{"column":20,"line":14}},{"end":{"column":33,"line":14},"start":{"column":31,"line":14}}],"type":"binary-expr"},"10":{"line":149,"locations":[{"end":{"column":19,"line":149},"start":{"column":7,"line":149}},{"end":{"column":35,"line":149},"start":{"column":23,"line":149}}],"type":"binary-expr"},"100":{"line":1021,"locations":[{"end":{"column":46,"line":1021},"start":{"column":26,"line":1021}},{"end":{"column":62,"line":1021},"start":{"column":50,"line":1021}}],"type":"binary-expr"},"101":{"line":1027,"locations":[{"end":{"column":4,"line":1027},"start":{"column":4,"line":1027}},{"end":{"column":4,"line":1027},"start":{"column":4,"line":1027}}],"type":"if"},"102":{"line":1049,"locations":[{"end":{"column":4,"line":1049},"start":{"column":4,"line":1049}},{"end":{"column":4,"line":1049},"start":{"column":4,"line":1049}}],"type":"if"},"103":{"line":1100,"locations":[{"end":{"column":8,"line":1100},"start":{"column":8,"line":1100}},{"end":{"column":8,"line":1100},"start":{"column":8,"line":1100}}],"type":"if"},"104":{"line":1111,"locations":[{"end":{"column":8,"line":1111},"start":{"column":8,"line":1111}},{"end":{"column":8,"line":1111},"start":{"column":8,"line":1111}}],"type":"if"},"105":{"line":1122,"locations":[{"end":{"column":4,"line":1122},"start":{"column":4,"line":1122}},{"end":{"column":4,"line":1122},"start":{"column":4,"line":1122}}],"type":"if"},"106":{"line":1133,"locations":[{"end":{"column":8,"line":1133},"start":{"column":8,"line":1133}},{"end":{"column":8,"line":1133},"start":{"column":8,"line":1133}}],"type":"if"},"107":{"line":1143,"locations":[{"end":{"column":21,"line":1143},"start":{"column":14,"line":1143}},{"end":{"column":27,"line":1143},"start":{"column":25,"line":1143}}],"type":"binary-expr"},"108":{"line":1145,"locations":[{"end":{"column":4,"line":1145},"start":{"column":4,"line":1145}},{"end":{"column":4,"line":1145},"start":{"column":4,"line":1145}}],"type":"if"},"109":{"line":1151,"locations":[{"end":{"column":12,"line":1151},"start":{"column":12,"line":1151}},{"end":{"column":12,"line":1151},"start":{"column":12,"line":1151}}],"type":"if"},"11":{"line":189,"locations":[{"end":{"column":4,"line":189},"start":{"column":4,"line":189}},{"end":{"column":4,"line":189},"start":{"column":4,"line":189}}],"type":"if"},"110":{"line":1164,"locations":[{"end":{"column":8,"line":1164},"start":{"column":8,"line":1164}},{"end":{"column":8,"line":1164},"start":{"column":8,"line":1164}}],"type":"if"},"111":{"line":1166,"locations":[{"end":{"column":12,"line":1166},"start":{"column":12,"line":1166}},{"end":{"column":12,"line":1166},"start":{"column":12,"line":1166}}],"type":"if"},"112":{"line":1169,"locations":[{"end":{"column":19,"line":1169},"start":{"column":19,"line":1169}},{"end":{"column":19,"line":1169},"start":{"column":19,"line":1169}}],"type":"if"},"113":{"line":1180,"locations":[{"end":{"column":12,"line":1180},"start":{"column":12,"line":1180}},{"end":{"column":12,"line":1180},"start":{"column":12,"line":1180}}],"type":"if"},"114":{"line":1188,"locations":[{"end":{"column":16,"line":1188},"start":{"column":16,"line":1188}},{"end":{"column":16,"line":1188},"start":{"column":16,"line":1188}}],"type":"if"},"115":{"line":1196,"locations":[{"end":{"column":12,"line":1196},"start":{"column":12,"line":1196}},{"end":{"column":12,"line":1196},"start":{"column":12,"line":1196}}],"type":"if"},"116":{"line":1248,"locations":[{"end":{"column":21,"line":1248},"start":{"column":14,"line":1248}},{"end":{"column":27,"line":1248},"start":{"column":25,"line":1248}}],"type":"binary-expr"},"117":{"line":1250,"locations":[{"end":{"column":4,"line":1250},"start":{"column":4,"line":1250}},{"end":{"column":4,"line":1250},"start":{"column":4,"line":1250}}],"type":"if"},"118":{"line":1253,"locations":[{"end":{"column":8,"line":1253},"start":{"column":8,"line":1253}},{"end":{"column":8,"line":1253},"start":{"column":8,"line":1253}}],"type":"if"},"119":{"line":1255,"locations":[{"end":{"column":15,"line":1255},"start":{"column":15,"line":1255}},{"end":{"column":15,"line":1255},"start":{"column":15,"line":1255}}],"type":"if"},"12":{"line":201,"locations":[{"end":{"column":4,"line":201},"start":{"column":4,"line":201}},{"end":{"column":4,"line":201},"start":{"column":4,"line":201}}],"type":"if"},"120":{"line":1260,"locations":[{"end":{"column":8,"line":1260},"start":{"column":8,"line":1260}},{"end":{"column":8,"line":1260},"start":{"column":8,"line":1260}}],"type":"if"},"121":{"line":1285,"locations":[{"end":{"column":8,"line":1285},"start":{"column":8,"line":1285}},{"end":{"column":8,"line":1285},"start":{"column":8,"line":1285}}],"type":"if"},"122":{"line":1296,"locations":[{"end":{"column":8,"line":1296},"start":{"column":8,"line":1296}},{"end":{"column":8,"line":1296},"start":{"column":8,"line":1296}}],"type":"if"},"123":{"line":1319,"locations":[{"end":{"column":4,"line":1319},"start":{"column":4,"line":1319}},{"end":{"column":4,"line":1319},"start":{"column":4,"line":1319}}],"type":"if"},"124":{"line":1322,"locations":[{"end":{"column":11,"line":1322},"start":{"column":11,"line":1322}},{"end":{"column":11,"line":1322},"start":{"column":11,"line":1322}}],"type":"if"},"125":{"line":1324,"locations":[{"end":{"column":12,"line":1324},"start":{"column":12,"line":1324}},{"end":{"column":12,"line":1324},"start":{"column":12,"line":1324}}],"type":"if"},"126":{"line":1325,"locations":[{"end":{"column":16,"line":1325},"start":{"column":16,"line":1325}},{"end":{"column":16,"line":1325},"start":{"column":16,"line":1325}}],"type":"if"},"127":{"line":1334,"locations":[{"end":{"column":4,"line":1334},"start":{"column":4,"line":1334}},{"end":{"column":4,"line":1334},"start":{"column":4,"line":1334}}],"type":"if"},"128":{"line":1350,"locations":[{"end":{"column":8,"line":1350},"start":{"column":8,"line":1350}},{"end":{"column":8,"line":1350},"start":{"column":8,"line":1350}}],"type":"if"},"129":{"line":1363,"locations":[{"end":{"column":8,"line":1363},"start":{"column":8,"line":1363}},{"end":{"column":8,"line":1363},"start":{"column":8,"line":1363}}],"type":"if"},"13":{"line":201,"locations":[{"end":{"column":20,"line":201},"start":{"column":8,"line":201}},{"end":{"column":53,"line":201},"start":{"column":24,"line":201}}],"type":"binary-expr"},"130":{"line":1381,"locations":[{"end":{"column":8,"line":1381},"start":{"column":8,"line":1381}},{"end":{"column":8,"line":1381},"start":{"column":8,"line":1381}}],"type":"if"},"131":{"line":1397,"locations":[{"end":{"column":4,"line":1397},"start":{"column":4,"line":1397}},{"end":{"column":4,"line":1397},"start":{"column":4,"line":1397}}],"type":"if"},"132":{"line":1399,"locations":[{"end":{"column":8,"line":1399},"start":{"column":8,"line":1399}},{"end":{"column":8,"line":1399},"start":{"column":8,"line":1399}}],"type":"if"},"133":{"line":1404,"locations":[{"end":{"column":8,"line":1404},"start":{"column":8,"line":1404}},{"end":{"column":8,"line":1404},"start":{"column":8,"line":1404}}],"type":"if"},"134":{"line":1408,"locations":[{"end":{"column":12,"line":1408},"start":{"column":12,"line":1408}},{"end":{"column":12,"line":1408},"start":{"column":12,"line":1408}}],"type":"if"},"135":{"line":1412,"locations":[{"end":{"column":20,"line":1412},"start":{"column":20,"line":1412}},{"end":{"column":20,"line":1412},"start":{"column":20,"line":1412}}],"type":"if"},"136":{"line":1442,"locations":[{"end":{"column":4,"line":1442},"start":{"column":4,"line":1442}},{"end":{"column":4,"line":1442},"start":{"column":4,"line":1442}}],"type":"if"},"137":{"line":1443,"locations":[{"end":{"column":42,"line":1443},"start":{"column":29,"line":1443}},{"end":{"column":48,"line":1443},"start":{"column":46,"line":1443}}],"type":"binary-expr"},"138":{"line":1444,"locations":[{"end":{"column":42,"line":1444},"start":{"column":29,"line":1444}},{"end":{"column":48,"line":1444},"start":{"column":46,"line":1444}}],"type":"binary-expr"},"139":{"line":1445,"locations":[{"end":{"column":52,"line":1445},"start":{"column":34,"line":1445}},{"end":{"column":58,"line":1445},"start":{"column":56,"line":1445}}],"type":"binary-expr"},"14":{"line":221,"locations":[{"end":{"column":4,"line":221},"start":{"column":4,"line":221}},{"end":{"column":4,"line":221},"start":{"column":4,"line":221}}],"type":"if"},"140":{"line":1448,"locations":[{"end":{"column":12,"line":1448},"start":{"column":12,"line":1448}},{"end":{"column":12,"line":1448},"start":{"column":12,"line":1448}}],"type":"if"},"141":{"line":1451,"locations":[{"end":{"column":51,"line":1451},"start":{"column":34,"line":1451}},{"end":{"column":72,"line":1451},"start":{"column":55,"line":1451}},{"end":{"column":98,"line":1451},"start":{"column":76,"line":1451}},{"end":{"column":106,"line":1451},"start":{"column":102,"line":1451}}],"type":"binary-expr"},"142":{"line":1458,"locations":[{"end":{"column":12,"line":1458},"start":{"column":12,"line":1458}},{"end":{"column":12,"line":1458},"start":{"column":12,"line":1458}}],"type":"if"},"143":{"line":1469,"locations":[{"end":{"column":21,"line":1469},"start":{"column":14,"line":1469}},{"end":{"column":27,"line":1469},"start":{"column":25,"line":1469}}],"type":"binary-expr"},"144":{"line":1471,"locations":[{"end":{"column":4,"line":1471},"start":{"column":4,"line":1471}},{"end":{"column":4,"line":1471},"start":{"column":4,"line":1471}}],"type":"if"},"145":{"line":1474,"locations":[{"end":{"column":12,"line":1474},"start":{"column":12,"line":1474}},{"end":{"column":12,"line":1474},"start":{"column":12,"line":1474}}],"type":"if"},"146":{"line":1476,"locations":[{"end":{"column":16,"line":1476},"start":{"column":16,"line":1476}},{"end":{"column":16,"line":1476},"start":{"column":16,"line":1476}}],"type":"if"},"147":{"line":1478,"locations":[{"end":{"column":20,"line":1478},"start":{"column":20,"line":1478}},{"end":{"column":20,"line":1478},"start":{"column":20,"line":1478}}],"type":"if"},"148":{"line":1489,"locations":[{"end":{"column":12,"line":1489},"start":{"column":12,"line":1489}},{"end":{"column":12,"line":1489},"start":{"column":12,"line":1489}}],"type":"if"},"149":{"line":1493,"locations":[{"end":{"column":8,"line":1493},"start":{"column":8,"line":1493}},{"end":{"column":8,"line":1493},"start":{"column":8,"line":1493}}],"type":"if"},"15":{"line":225,"locations":[{"end":{"column":4,"line":225},"start":{"column":4,"line":225}},{"end":{"column":4,"line":225},"start":{"column":4,"line":225}}],"type":"if"},"150":{"line":1516,"locations":[{"end":{"column":8,"line":1516},"start":{"column":8,"line":1516}},{"end":{"column":8,"line":1516},"start":{"column":8,"line":1516}}],"type":"if"},"151":{"line":1522,"locations":[{"end":{"column":46,"line":1522},"start":{"column":23,"line":1522}},{"end":{"column":106,"line":1522},"start":{"column":50,"line":1522}}],"type":"binary-expr"},"152":{"line":1559,"locations":[{"end":{"column":16,"line":1559},"start":{"column":16,"line":1559}},{"end":{"column":16,"line":1559},"start":{"column":16,"line":1559}}],"type":"if"},"153":{"line":1563,"locations":[{"end":{"column":16,"line":1563},"start":{"column":16,"line":1563}},{"end":{"column":16,"line":1563},"start":{"column":16,"line":1563}}],"type":"if"},"154":{"line":1563,"locations":[{"end":{"column":34,"line":1563},"start":{"column":20,"line":1563}},{"end":{"column":49,"line":1563},"start":{"column":38,"line":1563}}],"type":"binary-expr"},"155":{"line":1568,"locations":[{"end":{"column":16,"line":1568},"start":{"column":16,"line":1568}},{"end":{"column":16,"line":1568},"start":{"column":16,"line":1568}}],"type":"if"},"156":{"line":1568,"locations":[{"end":{"column":32,"line":1568},"start":{"column":20,"line":1568}},{"end":{"column":58,"line":1568},"start":{"column":36,"line":1568}}],"type":"binary-expr"},"157":{"line":1573,"locations":[{"end":{"column":16,"line":1573},"start":{"column":16,"line":1573}},{"end":{"column":16,"line":1573},"start":{"column":16,"line":1573}}],"type":"if"},"158":{"line":1575,"locations":[{"end":{"column":59,"line":1575},"start":{"column":47,"line":1575}},{"end":{"column":63,"line":1575},"start":{"column":62,"line":1575}}],"type":"cond-expr"},"159":{"line":1581,"locations":[{"end":{"column":16,"line":1581},"start":{"column":16,"line":1581}},{"end":{"column":16,"line":1581},"start":{"column":16,"line":1581}}],"type":"if"},"16":{"line":229,"locations":[{"end":{"column":4,"line":229},"start":{"column":4,"line":229}},{"end":{"column":4,"line":229},"start":{"column":4,"line":229}}],"type":"if"},"160":{"line":1583,"locations":[{"end":{"column":58,"line":1583},"start":{"column":46,"line":1583}},{"end":{"column":62,"line":1583},"start":{"column":61,"line":1583}}],"type":"cond-expr"},"161":{"line":1589,"locations":[{"end":{"column":16,"line":1589},"start":{"column":16,"line":1589}},{"end":{"column":16,"line":1589},"start":{"column":16,"line":1589}}],"type":"if"},"162":{"line":1591,"locations":[{"end":{"column":58,"line":1591},"start":{"column":46,"line":1591}},{"end":{"column":62,"line":1591},"start":{"column":61,"line":1591}}],"type":"cond-expr"},"163":{"line":1595,"locations":[{"end":{"column":12,"line":1595},"start":{"column":12,"line":1595}},{"end":{"column":12,"line":1595},"start":{"column":12,"line":1595}}],"type":"if"},"164":{"line":1652,"locations":[{"end":{"column":63,"line":1652},"start":{"column":54,"line":1652}},{"end":{"column":96,"line":1652},"start":{"column":66,"line":1652}}],"type":"cond-expr"},"165":{"line":1653,"locations":[{"end":{"column":63,"line":1653},"start":{"column":54,"line":1653}},{"end":{"column":95,"line":1653},"start":{"column":66,"line":1653}}],"type":"cond-expr"},"166":{"line":1683,"locations":[{"end":{"column":12,"line":1683},"start":{"column":12,"line":1683}},{"end":{"column":12,"line":1683},"start":{"column":12,"line":1683}}],"type":"if"},"167":{"line":1713,"locations":[{"end":{"column":46,"line":1713},"start":{"column":45,"line":1713}},{"end":{"column":73,"line":1713},"start":{"column":49,"line":1713}}],"type":"cond-expr"},"168":{"line":1713,"locations":[{"end":{"column":68,"line":1713},"start":{"column":67,"line":1713}},{"end":{"column":73,"line":1713},"start":{"column":71,"line":1713}}],"type":"cond-expr"},"169":{"line":1714,"locations":[{"end":{"column":46,"line":1714},"start":{"column":45,"line":1714}},{"end":{"column":73,"line":1714},"start":{"column":49,"line":1714}}],"type":"cond-expr"},"17":{"line":241,"locations":[{"end":{"column":4,"line":241},"start":{"column":4,"line":241}},{"end":{"column":4,"line":241},"start":{"column":4,"line":241}}],"type":"if"},"170":{"line":1714,"locations":[{"end":{"column":68,"line":1714},"start":{"column":67,"line":1714}},{"end":{"column":73,"line":1714},"start":{"column":71,"line":1714}}],"type":"cond-expr"},"171":{"line":1716,"locations":[{"end":{"column":75,"line":1716},"start":{"column":74,"line":1716}},{"end":{"column":79,"line":1716},"start":{"column":78,"line":1716}}],"type":"cond-expr"},"172":{"line":1719,"locations":[{"end":{"column":12,"line":1719},"start":{"column":12,"line":1719}},{"end":{"column":12,"line":1719},"start":{"column":12,"line":1719}}],"type":"if"},"173":{"line":1726,"locations":[{"end":{"column":12,"line":1726},"start":{"column":12,"line":1726}},{"end":{"column":12,"line":1726},"start":{"column":12,"line":1726}}],"type":"if"},"174":{"line":1731,"locations":[{"end":{"column":16,"line":1731},"start":{"column":16,"line":1731}},{"end":{"column":16,"line":1731},"start":{"column":16,"line":1731}}],"type":"if"},"175":{"line":1731,"locations":[{"end":{"column":36,"line":1731},"start":{"column":20,"line":1731}},{"end":{"column":69,"line":1731},"start":{"column":40,"line":1731}}],"type":"binary-expr"},"176":{"line":1735,"locations":[{"end":{"column":16,"line":1735},"start":{"column":16,"line":1735}},{"end":{"column":16,"line":1735},"start":{"column":16,"line":1735}}],"type":"if"},"177":{"line":1735,"locations":[{"end":{"column":36,"line":1735},"start":{"column":20,"line":1735}},{"end":{"column":69,"line":1735},"start":{"column":40,"line":1735}}],"type":"binary-expr"},"178":{"line":1744,"locations":[{"end":{"column":12,"line":1744},"start":{"column":12,"line":1744}},{"end":{"column":12,"line":1744},"start":{"column":12,"line":1744}}],"type":"if"},"179":{"line":1749,"locations":[{"end":{"column":119,"line":1749},"start":{"column":101,"line":1749}},{"end":{"column":157,"line":1749},"start":{"column":123,"line":1749}}],"type":"binary-expr"},"18":{"line":245,"locations":[{"end":{"column":4,"line":245},"start":{"column":4,"line":245}},{"end":{"column":4,"line":245},"start":{"column":4,"line":245}}],"type":"if"},"180":{"line":1750,"locations":[{"end":{"column":12,"line":1750},"start":{"column":12,"line":1750}},{"end":{"column":12,"line":1750},"start":{"column":12,"line":1750}}],"type":"if"},"181":{"line":1753,"locations":[{"end":{"column":12,"line":1753},"start":{"column":12,"line":1753}},{"end":{"column":12,"line":1753},"start":{"column":12,"line":1753}}],"type":"if"},"182":{"line":1756,"locations":[{"end":{"column":12,"line":1756},"start":{"column":12,"line":1756}},{"end":{"column":12,"line":1756},"start":{"column":12,"line":1756}}],"type":"if"},"183":{"line":1759,"locations":[{"end":{"column":17,"line":1759},"start":{"column":17,"line":1759}},{"end":{"column":17,"line":1759},"start":{"column":17,"line":1759}}],"type":"if"},"184":{"line":1759,"locations":[{"end":{"column":36,"line":1759},"start":{"column":21,"line":1759}},{"end":{"column":72,"line":1759},"start":{"column":40,"line":1759}}],"type":"binary-expr"},"185":{"line":1771,"locations":[{"end":{"column":12,"line":1771},"start":{"column":12,"line":1771}},{"end":{"column":12,"line":1771},"start":{"column":12,"line":1771}}],"type":"if"},"186":{"line":1782,"locations":[{"end":{"column":12,"line":1782},"start":{"column":12,"line":1782}},{"end":{"column":12,"line":1782},"start":{"column":12,"line":1782}}],"type":"if"},"187":{"line":1783,"locations":[{"end":{"column":16,"line":1783},"start":{"column":16,"line":1783}},{"end":{"column":16,"line":1783},"start":{"column":16,"line":1783}}],"type":"if"},"188":{"line":1789,"locations":[{"end":{"column":16,"line":1789},"start":{"column":16,"line":1789}},{"end":{"column":16,"line":1789},"start":{"column":16,"line":1789}}],"type":"if"},"189":{"line":1789,"locations":[{"end":{"column":27,"line":1789},"start":{"column":20,"line":1789}},{"end":{"column":38,"line":1789},"start":{"column":31,"line":1789}}],"type":"binary-expr"},"19":{"line":249,"locations":[{"end":{"column":4,"line":249},"start":{"column":4,"line":249}},{"end":{"column":4,"line":249},"start":{"column":4,"line":249}}],"type":"if"},"190":{"line":1791,"locations":[{"end":{"column":23,"line":1791},"start":{"column":23,"line":1791}},{"end":{"column":23,"line":1791},"start":{"column":23,"line":1791}}],"type":"if"},"191":{"line":1791,"locations":[{"end":{"column":35,"line":1791},"start":{"column":27,"line":1791}},{"end":{"column":47,"line":1791},"start":{"column":39,"line":1791}}],"type":"binary-expr"},"192":{"line":1807,"locations":[{"end":{"column":12,"line":1807},"start":{"column":12,"line":1807}},{"end":{"column":12,"line":1807},"start":{"column":12,"line":1807}}],"type":"if"},"193":{"line":1811,"locations":[{"end":{"column":16,"line":1811},"start":{"column":16,"line":1811}},{"end":{"column":16,"line":1811},"start":{"column":16,"line":1811}}],"type":"if"},"194":{"line":1811,"locations":[{"end":{"column":46,"line":1811},"start":{"column":20,"line":1811}},{"end":{"column":86,"line":1811},"start":{"column":50,"line":1811}}],"type":"binary-expr"},"195":{"line":1817,"locations":[{"end":{"column":21,"line":1817},"start":{"column":15,"line":1817}},{"end":{"column":30,"line":1817},"start":{"column":25,"line":1817}}],"type":"binary-expr"},"196":{"line":1820,"locations":[{"end":{"column":16,"line":1820},"start":{"column":3,"line":1820}},{"end":{"column":32,"line":1820},"start":{"column":20,"line":1820}}],"type":"binary-expr"},"197":{"line":1830,"locations":[{"end":{"column":101,"line":1830},"start":{"column":72,"line":1830}},{"end":{"column":107,"line":1830},"start":{"column":104,"line":1830}}],"type":"cond-expr"},"198":{"line":1839,"locations":[{"end":{"column":55,"line":1839},"start":{"column":21,"line":1839}},{"end":{"column":89,"line":1839},"start":{"column":59,"line":1839}}],"type":"binary-expr"},"199":{"line":1841,"locations":[{"end":{"column":4,"line":1841},"start":{"column":4,"line":1841}},{"end":{"column":4,"line":1841},"start":{"column":4,"line":1841}}],"type":"if"},"2":{"line":24,"locations":[{"end":{"column":4,"line":24},"start":{"column":4,"line":24}},{"end":{"column":4,"line":24},"start":{"column":4,"line":24}}],"type":"if"},"20":{"line":286,"locations":[{"end":{"column":4,"line":286},"start":{"column":4,"line":286}},{"end":{"column":4,"line":286},"start":{"column":4,"line":286}}],"type":"if"},"200":{"line":1889,"locations":[{"end":{"column":4,"line":1889},"start":{"column":4,"line":1889}},{"end":{"column":4,"line":1889},"start":{"column":4,"line":1889}}],"type":"if"},"201":{"line":1890,"locations":[{"end":{"column":8,"line":1890},"start":{"column":8,"line":1890}},{"end":{"column":8,"line":1890},"start":{"column":8,"line":1890}}],"type":"if"},"202":{"line":1904,"locations":[{"end":{"column":4,"line":1904},"start":{"column":4,"line":1904}},{"end":{"column":4,"line":1904},"start":{"column":4,"line":1904}}],"type":"if"},"203":{"line":1918,"locations":[{"end":{"column":4,"line":1918},"start":{"column":4,"line":1918}},{"end":{"column":4,"line":1918},"start":{"column":4,"line":1918}}],"type":"if"},"204":{"line":1927,"locations":[{"end":{"column":4,"line":1927},"start":{"column":4,"line":1927}},{"end":{"column":4,"line":1927},"start":{"column":4,"line":1927}}],"type":"if"},"205":{"line":1927,"locations":[{"end":{"column":33,"line":1927},"start":{"column":7,"line":1927}},{"end":{"column":51,"line":1927},"start":{"column":37,"line":1927}},{"end":{"column":64,"line":1927},"start":{"column":55,"line":1927}}],"type":"binary-expr"},"206":{"line":1930,"locations":[{"end":{"column":11,"line":1930},"start":{"column":11,"line":1930}},{"end":{"column":11,"line":1930},"start":{"column":11,"line":1930}}],"type":"if"},"207":{"line":1932,"locations":[{"end":{"column":12,"line":1932},"start":{"column":12,"line":1932}},{"end":{"column":12,"line":1932},"start":{"column":12,"line":1932}}],"type":"if"},"208":{"line":1933,"locations":[{"end":{"column":16,"line":1933},"start":{"column":16,"line":1933}},{"end":{"column":16,"line":1933},"start":{"column":16,"line":1933}}],"type":"if"},"209":{"line":1944,"locations":[{"end":{"column":4,"line":1944},"start":{"column":4,"line":1944}},{"end":{"column":4,"line":1944},"start":{"column":4,"line":1944}}],"type":"if"},"21":{"line":288,"locations":[{"end":{"column":8,"line":288},"start":{"column":8,"line":288}},{"end":{"column":8,"line":288},"start":{"column":8,"line":288}}],"type":"if"},"210":{"line":1961,"locations":[{"end":{"column":4,"line":1961},"start":{"column":4,"line":1961}},{"end":{"column":4,"line":1961},"start":{"column":4,"line":1961}}],"type":"if"},"211":{"line":1962,"locations":[{"end":{"column":42,"line":1962},"start":{"column":29,"line":1962}},{"end":{"column":48,"line":1962},"start":{"column":46,"line":1962}}],"type":"binary-expr"},"212":{"line":1963,"locations":[{"end":{"column":42,"line":1963},"start":{"column":29,"line":1963}},{"end":{"column":48,"line":1963},"start":{"column":46,"line":1963}}],"type":"binary-expr"},"213":{"line":1964,"locations":[{"end":{"column":52,"line":1964},"start":{"column":34,"line":1964}},{"end":{"column":58,"line":1964},"start":{"column":56,"line":1964}}],"type":"binary-expr"},"214":{"line":1969,"locations":[{"end":{"column":47,"line":1969},"start":{"column":30,"line":1969}},{"end":{"column":68,"line":1969},"start":{"column":51,"line":1969}},{"end":{"column":94,"line":1969},"start":{"column":72,"line":1969}},{"end":{"column":102,"line":1969},"start":{"column":98,"line":1969}}],"type":"binary-expr"},"215":{"line":2024,"locations":[{"end":{"column":4,"line":2024},"start":{"column":4,"line":2024}},{"end":{"column":4,"line":2024},"start":{"column":4,"line":2024}}],"type":"if"},"216":{"line":2026,"locations":[{"end":{"column":8,"line":2026},"start":{"column":8,"line":2026}},{"end":{"column":8,"line":2026},"start":{"column":8,"line":2026}}],"type":"if"},"217":{"line":2031,"locations":[{"end":{"column":8,"line":2031},"start":{"column":8,"line":2031}},{"end":{"column":8,"line":2031},"start":{"column":8,"line":2031}}],"type":"if"},"218":{"line":2035,"locations":[{"end":{"column":12,"line":2035},"start":{"column":12,"line":2035}},{"end":{"column":12,"line":2035},"start":{"column":12,"line":2035}}],"type":"if"},"219":{"line":2039,"locations":[{"end":{"column":20,"line":2039},"start":{"column":20,"line":2039}},{"end":{"column":20,"line":2039},"start":{"column":20,"line":2039}}],"type":"if"},"22":{"line":304,"locations":[{"end":{"column":8,"line":304},"start":{"column":8,"line":304}},{"end":{"column":8,"line":304},"start":{"column":8,"line":304}}],"type":"if"},"220":{"line":2067,"locations":[{"end":{"column":21,"line":2067},"start":{"column":14,"line":2067}},{"end":{"column":27,"line":2067},"start":{"column":25,"line":2067}}],"type":"binary-expr"},"221":{"line":2069,"locations":[{"end":{"column":4,"line":2069},"start":{"column":4,"line":2069}},{"end":{"column":4,"line":2069},"start":{"column":4,"line":2069}}],"type":"if"},"222":{"line":2078,"locations":[{"end":{"column":8,"line":2078},"start":{"column":8,"line":2078}},{"end":{"column":8,"line":2078},"start":{"column":8,"line":2078}}],"type":"if"},"223":{"line":2082,"locations":[{"end":{"column":16,"line":2082},"start":{"column":16,"line":2082}},{"end":{"column":16,"line":2082},"start":{"column":16,"line":2082}}],"type":"if"},"224":{"line":2088,"locations":[{"end":{"column":21,"line":2088},"start":{"column":21,"line":2088}},{"end":{"column":21,"line":2088},"start":{"column":21,"line":2088}}],"type":"if"},"225":{"line":2089,"locations":[{"end":{"column":25,"line":2089},"start":{"column":25,"line":2089}},{"end":{"column":25,"line":2089},"start":{"column":25,"line":2089}}],"type":"if"},"226":{"line":2094,"locations":[{"end":{"column":16,"line":2094},"start":{"column":16,"line":2094}},{"end":{"column":16,"line":2094},"start":{"column":16,"line":2094}}],"type":"if"},"227":{"line":2101,"locations":[{"end":{"column":12,"line":2101},"start":{"column":12,"line":2101}},{"end":{"column":12,"line":2101},"start":{"column":12,"line":2101}}],"type":"if"},"228":{"line":2117,"locations":[{"end":{"column":101,"line":2117},"start":{"column":72,"line":2117}},{"end":{"column":107,"line":2117},"start":{"column":104,"line":2117}}],"type":"cond-expr"},"229":{"line":2147,"locations":[{"end":{"column":5,"line":2147},"start":{"column":5,"line":2147}},{"end":{"column":5,"line":2147},"start":{"column":5,"line":2147}}],"type":"if"},"23":{"line":310,"locations":[{"end":{"column":8,"line":310},"start":{"column":8,"line":310}},{"end":{"column":8,"line":310},"start":{"column":8,"line":310}}],"type":"if"},"230":{"line":2148,"locations":[{"end":{"column":9,"line":2148},"start":{"column":9,"line":2148}},{"end":{"column":9,"line":2148},"start":{"column":9,"line":2148}}],"type":"if"},"231":{"line":2162,"locations":[{"end":{"column":4,"line":2162},"start":{"column":4,"line":2162}},{"end":{"column":4,"line":2162},"start":{"column":4,"line":2162}}],"type":"if"},"232":{"line":2176,"locations":[{"end":{"column":4,"line":2176},"start":{"column":4,"line":2176}},{"end":{"column":4,"line":2176},"start":{"column":4,"line":2176}}],"type":"if"},"233":{"line":2184,"locations":[{"end":{"column":4,"line":2184},"start":{"column":4,"line":2184}},{"end":{"column":4,"line":2184},"start":{"column":4,"line":2184}}],"type":"if"},"234":{"line":2186,"locations":[{"end":{"column":8,"line":2186},"start":{"column":8,"line":2186}},{"end":{"column":8,"line":2186},"start":{"column":8,"line":2186}}],"type":"if"},"235":{"line":2193,"locations":[{"end":{"column":4,"line":2193},"start":{"column":4,"line":2193}},{"end":{"column":4,"line":2193},"start":{"column":4,"line":2193}}],"type":"if"},"236":{"line":2211,"locations":[{"end":{"column":4,"line":2211},"start":{"column":4,"line":2211}},{"end":{"column":4,"line":2211},"start":{"column":4,"line":2211}}],"type":"if"},"237":{"line":2213,"locations":[{"end":{"column":12,"line":2213},"start":{"column":12,"line":2213}},{"end":{"column":12,"line":2213},"start":{"column":12,"line":2213}}],"type":"if"},"238":{"line":2219,"locations":[{"end":{"column":11,"line":2219},"start":{"column":11,"line":2219}},{"end":{"column":11,"line":2219},"start":{"column":11,"line":2219}}],"type":"if"},"239":{"line":2221,"locations":[{"end":{"column":12,"line":2221},"start":{"column":12,"line":2221}},{"end":{"column":12,"line":2221},"start":{"column":12,"line":2221}}],"type":"if"},"24":{"line":322,"locations":[{"end":{"column":4,"line":322},"start":{"column":4,"line":322}},{"end":{"column":4,"line":322},"start":{"column":4,"line":322}}],"type":"if"},"240":{"line":2222,"locations":[{"end":{"column":16,"line":2222},"start":{"column":16,"line":2222}},{"end":{"column":16,"line":2222},"start":{"column":16,"line":2222}}],"type":"if"},"241":{"line":2233,"locations":[{"end":{"column":4,"line":2233},"start":{"column":4,"line":2233}},{"end":{"column":4,"line":2233},"start":{"column":4,"line":2233}}],"type":"if"},"242":{"line":2251,"locations":[{"end":{"column":4,"line":2251},"start":{"column":4,"line":2251}},{"end":{"column":4,"line":2251},"start":{"column":4,"line":2251}}],"type":"if"},"243":{"line":2252,"locations":[{"end":{"column":42,"line":2252},"start":{"column":29,"line":2252}},{"end":{"column":48,"line":2252},"start":{"column":46,"line":2252}}],"type":"binary-expr"},"244":{"line":2253,"locations":[{"end":{"column":42,"line":2253},"start":{"column":29,"line":2253}},{"end":{"column":48,"line":2253},"start":{"column":46,"line":2253}}],"type":"binary-expr"},"245":{"line":2254,"locations":[{"end":{"column":52,"line":2254},"start":{"column":34,"line":2254}},{"end":{"column":58,"line":2254},"start":{"column":56,"line":2254}}],"type":"binary-expr"},"246":{"line":2257,"locations":[{"end":{"column":12,"line":2257},"start":{"column":12,"line":2257}},{"end":{"column":12,"line":2257},"start":{"column":12,"line":2257}}],"type":"if"},"247":{"line":2260,"locations":[{"end":{"column":51,"line":2260},"start":{"column":34,"line":2260}},{"end":{"column":72,"line":2260},"start":{"column":55,"line":2260}},{"end":{"column":98,"line":2260},"start":{"column":76,"line":2260}},{"end":{"column":106,"line":2260},"start":{"column":102,"line":2260}}],"type":"binary-expr"},"248":{"line":2267,"locations":[{"end":{"column":12,"line":2267},"start":{"column":12,"line":2267}},{"end":{"column":12,"line":2267},"start":{"column":12,"line":2267}}],"type":"if"},"249":{"line":2318,"locations":[{"end":{"column":4,"line":2318},"start":{"column":4,"line":2318}},{"end":{"column":4,"line":2318},"start":{"column":4,"line":2318}}],"type":"if"},"25":{"line":325,"locations":[{"end":{"column":11,"line":325},"start":{"column":11,"line":325}},{"end":{"column":11,"line":325},"start":{"column":11,"line":325}}],"type":"if"},"250":{"line":2320,"locations":[{"end":{"column":8,"line":2320},"start":{"column":8,"line":2320}},{"end":{"column":8,"line":2320},"start":{"column":8,"line":2320}}],"type":"if"},"251":{"line":2325,"locations":[{"end":{"column":8,"line":2325},"start":{"column":8,"line":2325}},{"end":{"column":8,"line":2325},"start":{"column":8,"line":2325}}],"type":"if"},"252":{"line":2329,"locations":[{"end":{"column":12,"line":2329},"start":{"column":12,"line":2329}},{"end":{"column":12,"line":2329},"start":{"column":12,"line":2329}}],"type":"if"},"253":{"line":2333,"locations":[{"end":{"column":20,"line":2333},"start":{"column":20,"line":2333}},{"end":{"column":20,"line":2333},"start":{"column":20,"line":2333}}],"type":"if"},"254":{"line":2361,"locations":[{"end":{"column":21,"line":2361},"start":{"column":14,"line":2361}},{"end":{"column":27,"line":2361},"start":{"column":25,"line":2361}}],"type":"binary-expr"},"255":{"line":2363,"locations":[{"end":{"column":4,"line":2363},"start":{"column":4,"line":2363}},{"end":{"column":4,"line":2363},"start":{"column":4,"line":2363}}],"type":"if"},"256":{"line":2366,"locations":[{"end":{"column":12,"line":2366},"start":{"column":12,"line":2366}},{"end":{"column":12,"line":2366},"start":{"column":12,"line":2366}}],"type":"if"},"257":{"line":2368,"locations":[{"end":{"column":16,"line":2368},"start":{"column":16,"line":2368}},{"end":{"column":16,"line":2368},"start":{"column":16,"line":2368}}],"type":"if"},"258":{"line":2377,"locations":[{"end":{"column":8,"line":2377},"start":{"column":8,"line":2377}},{"end":{"column":8,"line":2377},"start":{"column":8,"line":2377}}],"type":"if"},"259":{"line":2379,"locations":[{"end":{"column":16,"line":2379},"start":{"column":16,"line":2379}},{"end":{"column":16,"line":2379},"start":{"column":16,"line":2379}}],"type":"if"},"26":{"line":326,"locations":[{"end":{"column":39,"line":326},"start":{"column":27,"line":326}},{"end":{"column":49,"line":326},"start":{"column":43,"line":326}}],"type":"binary-expr"},"260":{"line":2380,"locations":[{"end":{"column":20,"line":2380},"start":{"column":20,"line":2380}},{"end":{"column":20,"line":2380},"start":{"column":20,"line":2380}}],"type":"if"},"261":{"line":2387,"locations":[{"end":{"column":13,"line":2387},"start":{"column":13,"line":2387}},{"end":{"column":13,"line":2387},"start":{"column":13,"line":2387}}],"type":"if"},"262":{"line":2389,"locations":[{"end":{"column":17,"line":2389},"start":{"column":17,"line":2389}},{"end":{"column":17,"line":2389},"start":{"column":17,"line":2389}}],"type":"if"},"263":{"line":2395,"locations":[{"end":{"column":25,"line":2395},"start":{"column":25,"line":2395}},{"end":{"column":25,"line":2395},"start":{"column":25,"line":2395}}],"type":"if"},"264":{"line":2396,"locations":[{"end":{"column":29,"line":2396},"start":{"column":29,"line":2396}},{"end":{"column":29,"line":2396},"start":{"column":29,"line":2396}}],"type":"if"},"265":{"line":2407,"locations":[{"end":{"column":8,"line":2407},"start":{"column":8,"line":2407}},{"end":{"column":8,"line":2407},"start":{"column":8,"line":2407}}],"type":"if"},"266":{"line":2414,"locations":[{"end":{"column":0,"line":2414},"start":{"column":0,"line":2414}},{"end":{"column":0,"line":2414},"start":{"column":0,"line":2414}}],"type":"if"},"267":{"line":2415,"locations":[{"end":{"column":4,"line":2415},"start":{"column":4,"line":2415}},{"end":{"column":4,"line":2415},"start":{"column":4,"line":2415}}],"type":"if"},"268":{"line":2450,"locations":[{"end":{"column":4,"line":2450},"start":{"column":4,"line":2450}},{"end":{"column":4,"line":2450},"start":{"column":4,"line":2450}}],"type":"if"},"269":{"line":2457,"locations":[{"end":{"column":21,"line":2457},"start":{"column":14,"line":2457}},{"end":{"column":27,"line":2457},"start":{"column":25,"line":2457}}],"type":"binary-expr"},"27":{"line":327,"locations":[{"end":{"column":49,"line":327},"start":{"column":29,"line":327}},{"end":{"column":58,"line":327},"start":{"column":53,"line":327}}],"type":"binary-expr"},"270":{"line":2460,"locations":[{"end":{"column":4,"line":2460},"start":{"column":4,"line":2460}},{"end":{"column":4,"line":2460},"start":{"column":4,"line":2460}}],"type":"if"},"271":{"line":2469,"locations":[{"end":{"column":8,"line":2469},"start":{"column":8,"line":2469}},{"end":{"column":8,"line":2469},"start":{"column":8,"line":2469}}],"type":"if"},"272":{"line":2472,"locations":[{"end":{"column":12,"line":2472},"start":{"column":12,"line":2472}},{"end":{"column":12,"line":2472},"start":{"column":12,"line":2472}}],"type":"if"},"273":{"line":2472,"locations":[{"end":{"column":50,"line":2472},"start":{"column":15,"line":2472}},{"end":{"column":90,"line":2472},"start":{"column":54,"line":2472}}],"type":"binary-expr"},"274":{"line":2473,"locations":[{"end":{"column":16,"line":2473},"start":{"column":16,"line":2473}},{"end":{"column":16,"line":2473},"start":{"column":16,"line":2473}}],"type":"if"},"275":{"line":2489,"locations":[{"end":{"column":4,"line":2489},"start":{"column":4,"line":2489}},{"end":{"column":4,"line":2489},"start":{"column":4,"line":2489}}],"type":"if"},"276":{"line":2510,"locations":[{"end":{"column":4,"line":2510},"start":{"column":4,"line":2510}},{"end":{"column":4,"line":2510},"start":{"column":4,"line":2510}}],"type":"if"},"277":{"line":2519,"locations":[{"end":{"column":8,"line":2519},"start":{"column":8,"line":2519}},{"end":{"column":8,"line":2519},"start":{"column":8,"line":2519}}],"type":"if"},"278":{"line":2525,"locations":[{"end":{"column":8,"line":2525},"start":{"column":8,"line":2525}},{"end":{"column":8,"line":2525},"start":{"column":8,"line":2525}}],"type":"if"},"279":{"line":2534,"locations":[{"end":{"column":4,"line":2534},"start":{"column":4,"line":2534}},{"end":{"column":4,"line":2534},"start":{"column":4,"line":2534}}],"type":"if"},"28":{"line":336,"locations":[{"end":{"column":4,"line":336},"start":{"column":4,"line":336}},{"end":{"column":4,"line":336},"start":{"column":4,"line":336}}],"type":"if"},"280":{"line":2540,"locations":[{"end":{"column":4,"line":2540},"start":{"column":4,"line":2540}},{"end":{"column":4,"line":2540},"start":{"column":4,"line":2540}}],"type":"if"},"281":{"line":2545,"locations":[{"end":{"column":4,"line":2545},"start":{"column":4,"line":2545}},{"end":{"column":4,"line":2545},"start":{"column":4,"line":2545}}],"type":"if"},"282":{"line":2549,"locations":[{"end":{"column":4,"line":2549},"start":{"column":4,"line":2549}},{"end":{"column":4,"line":2549},"start":{"column":4,"line":2549}}],"type":"if"},"283":{"line":2557,"locations":[{"end":{"column":4,"line":2557},"start":{"column":4,"line":2557}},{"end":{"column":4,"line":2557},"start":{"column":4,"line":2557}}],"type":"if"},"284":{"line":2573,"locations":[{"end":{"column":21,"line":2573},"start":{"column":14,"line":2573}},{"end":{"column":27,"line":2573},"start":{"column":25,"line":2573}}],"type":"binary-expr"},"285":{"line":2575,"locations":[{"end":{"column":4,"line":2575},"start":{"column":4,"line":2575}},{"end":{"column":4,"line":2575},"start":{"column":4,"line":2575}}],"type":"if"},"286":{"line":2578,"locations":[{"end":{"column":8,"line":2578},"start":{"column":8,"line":2578}},{"end":{"column":8,"line":2578},"start":{"column":8,"line":2578}}],"type":"if"},"287":{"line":2580,"locations":[{"end":{"column":12,"line":2580},"start":{"column":12,"line":2580}},{"end":{"column":12,"line":2580},"start":{"column":12,"line":2580}}],"type":"if"},"288":{"line":2599,"locations":[{"end":{"column":0,"line":2599},"start":{"column":0,"line":2599}},{"end":{"column":0,"line":2599},"start":{"column":0,"line":2599}}],"type":"if"},"289":{"line":2599,"locations":[{"end":{"column":11,"line":2599},"start":{"column":3,"line":2599}},{"end":{"column":20,"line":2599},"start":{"column":15,"line":2599}}],"type":"binary-expr"},"29":{"line":338,"locations":[{"end":{"column":11,"line":338},"start":{"column":11,"line":338}},{"end":{"column":11,"line":338},"start":{"column":11,"line":338}}],"type":"if"},"3":{"line":38,"locations":[{"end":{"column":8,"line":38},"start":{"column":8,"line":38}},{"end":{"column":8,"line":38},"start":{"column":8,"line":38}}],"type":"if"},"30":{"line":338,"locations":[{"end":{"column":39,"line":338},"start":{"column":14,"line":338}},{"end":{"column":70,"line":338},"start":{"column":43,"line":338}},{"end":{"column":91,"line":338},"start":{"column":74,"line":338}}],"type":"binary-expr"},"31":{"line":351,"locations":[{"end":{"column":8,"line":351},"start":{"column":8,"line":351}},{"end":{"column":8,"line":351},"start":{"column":8,"line":351}}],"type":"if"},"32":{"line":356,"locations":[{"end":{"column":12,"line":356},"start":{"column":12,"line":356}},{"end":{"column":12,"line":356},"start":{"column":12,"line":356}}],"type":"if"},"33":{"line":356,"locations":[{"end":{"column":44,"line":356},"start":{"column":15,"line":356}},{"end":{"column":62,"line":356},"start":{"column":49,"line":356}},{"end":{"column":79,"line":356},"start":{"column":66,"line":356}}],"type":"binary-expr"},"34":{"line":358,"locations":[{"end":{"column":16,"line":358},"start":{"column":16,"line":358}},{"end":{"column":16,"line":358},"start":{"column":16,"line":358}}],"type":"if"},"35":{"line":364,"locations":[{"end":{"column":8,"line":364},"start":{"column":8,"line":364}},{"end":{"column":8,"line":364},"start":{"column":8,"line":364}}],"type":"if"},"36":{"line":364,"locations":[{"end":{"column":29,"line":364},"start":{"column":11,"line":364}},{"end":{"column":46,"line":364},"start":{"column":33,"line":364}}],"type":"binary-expr"},"37":{"line":389,"locations":[{"end":{"column":4,"line":389},"start":{"column":4,"line":389}},{"end":{"column":4,"line":389},"start":{"column":4,"line":389}}],"type":"if"},"38":{"line":455,"locations":[{"end":{"column":21,"line":455},"start":{"column":14,"line":455}},{"end":{"column":27,"line":455},"start":{"column":25,"line":455}}],"type":"binary-expr"},"39":{"line":457,"locations":[{"end":{"column":4,"line":457},"start":{"column":4,"line":457}},{"end":{"column":4,"line":457},"start":{"column":4,"line":457}}],"type":"if"},"4":{"line":40,"locations":[{"end":{"column":15,"line":40},"start":{"column":15,"line":40}},{"end":{"column":15,"line":40},"start":{"column":15,"line":40}}],"type":"if"},"40":{"line":459,"locations":[{"end":{"column":8,"line":459},"start":{"column":8,"line":459}},{"end":{"column":8,"line":459},"start":{"column":8,"line":459}}],"type":"if"},"41":{"line":459,"locations":[{"end":{"column":38,"line":459},"start":{"column":11,"line":459}},{"end":{"column":79,"line":459},"start":{"column":42,"line":459}}],"type":"binary-expr"},"42":{"line":462,"locations":[{"end":{"column":8,"line":462},"start":{"column":8,"line":462}},{"end":{"column":8,"line":462},"start":{"column":8,"line":462}}],"type":"if"},"43":{"line":469,"locations":[{"end":{"column":8,"line":469},"start":{"column":8,"line":469}},{"end":{"column":8,"line":469},"start":{"column":8,"line":469}}],"type":"if"},"44":{"line":515,"locations":[{"end":{"column":4,"line":515},"start":{"column":4,"line":515}},{"end":{"column":4,"line":515},"start":{"column":4,"line":515}}],"type":"if"},"45":{"line":530,"locations":[{"end":{"column":21,"line":530},"start":{"column":14,"line":530}},{"end":{"column":27,"line":530},"start":{"column":25,"line":530}}],"type":"binary-expr"},"46":{"line":532,"locations":[{"end":{"column":4,"line":532},"start":{"column":4,"line":532}},{"end":{"column":4,"line":532},"start":{"column":4,"line":532}}],"type":"if"},"47":{"line":536,"locations":[{"end":{"column":8,"line":536},"start":{"column":8,"line":536}},{"end":{"column":8,"line":536},"start":{"column":8,"line":536}}],"type":"if"},"48":{"line":549,"locations":[{"end":{"column":4,"line":549},"start":{"column":4,"line":549}},{"end":{"column":4,"line":549},"start":{"column":4,"line":549}}],"type":"if"},"49":{"line":552,"locations":[{"end":{"column":11,"line":552},"start":{"column":11,"line":552}},{"end":{"column":11,"line":552},"start":{"column":11,"line":552}}],"type":"if"},"5":{"line":48,"locations":[{"end":{"column":84,"line":48},"start":{"column":74,"line":48}},{"end":{"column":87,"line":48},"start":{"column":85,"line":48}}],"type":"cond-expr"},"50":{"line":576,"locations":[{"end":{"column":4,"line":576},"start":{"column":4,"line":576}},{"end":{"column":4,"line":576},"start":{"column":4,"line":576}}],"type":"if"},"51":{"line":577,"locations":[{"end":{"column":8,"line":577},"start":{"column":8,"line":577}},{"end":{"column":8,"line":577},"start":{"column":8,"line":577}}],"type":"if"},"52":{"line":580,"locations":[{"end":{"column":11,"line":580},"start":{"column":11,"line":580}},{"end":{"column":11,"line":580},"start":{"column":11,"line":580}}],"type":"if"},"53":{"line":633,"locations":[{"end":{"column":41,"line":633},"start":{"column":20,"line":633}},{"end":{"column":47,"line":633},"start":{"column":45,"line":633}}],"type":"binary-expr"},"54":{"line":634,"locations":[{"end":{"column":49,"line":634},"start":{"column":24,"line":634}},{"end":{"column":58,"line":634},"start":{"column":53,"line":634}}],"type":"binary-expr"},"55":{"line":635,"locations":[{"end":{"column":47,"line":635},"start":{"column":23,"line":635}},{"end":{"column":53,"line":635},"start":{"column":51,"line":635}}],"type":"binary-expr"},"56":{"line":640,"locations":[{"end":{"column":45,"line":640},"start":{"column":25,"line":640}},{"end":{"column":63,"line":640},"start":{"column":49,"line":640}}],"type":"binary-expr"},"57":{"line":652,"locations":[{"end":{"column":12,"line":652},"start":{"column":12,"line":652}},{"end":{"column":12,"line":652},"start":{"column":12,"line":652}}],"type":"if"},"58":{"line":667,"locations":[{"end":{"column":12,"line":667},"start":{"column":12,"line":667}},{"end":{"column":12,"line":667},"start":{"column":12,"line":667}}],"type":"if"},"59":{"line":670,"locations":[{"end":{"column":17,"line":670},"start":{"column":17,"line":670}},{"end":{"column":17,"line":670},"start":{"column":17,"line":670}}],"type":"if"},"6":{"line":49,"locations":[{"end":{"column":4,"line":49},"start":{"column":4,"line":49}},{"end":{"column":4,"line":49},"start":{"column":4,"line":49}}],"type":"if"},"60":{"line":674,"locations":[{"end":{"column":12,"line":674},"start":{"column":12,"line":674}},{"end":{"column":12,"line":674},"start":{"column":12,"line":674}}],"type":"if"},"61":{"line":689,"locations":[{"end":{"column":8,"line":689},"start":{"column":8,"line":689}},{"end":{"column":8,"line":689},"start":{"column":8,"line":689}}],"type":"if"},"62":{"line":690,"locations":[{"end":{"column":12,"line":690},"start":{"column":12,"line":690}},{"end":{"column":12,"line":690},"start":{"column":12,"line":690}}],"type":"if"},"63":{"line":697,"locations":[{"end":{"column":4,"line":697},"start":{"column":4,"line":697}},{"end":{"column":4,"line":697},"start":{"column":4,"line":697}}],"type":"if"},"64":{"line":737,"locations":[{"end":{"column":4,"line":737},"start":{"column":4,"line":737}},{"end":{"column":4,"line":737},"start":{"column":4,"line":737}}],"type":"if"},"65":{"line":741,"locations":[{"end":{"column":5,"line":741},"start":{"column":5,"line":741}},{"end":{"column":5,"line":741},"start":{"column":5,"line":741}}],"type":"if"},"66":{"line":746,"locations":[{"end":{"column":11,"line":746},"start":{"column":11,"line":746}},{"end":{"column":11,"line":746},"start":{"column":11,"line":746}}],"type":"if"},"67":{"line":751,"locations":[{"end":{"column":11,"line":751},"start":{"column":11,"line":751}},{"end":{"column":11,"line":751},"start":{"column":11,"line":751}}],"type":"if"},"68":{"line":756,"locations":[{"end":{"column":11,"line":756},"start":{"column":11,"line":756}},{"end":{"column":11,"line":756},"start":{"column":11,"line":756}}],"type":"if"},"69":{"line":767,"locations":[{"end":{"column":4,"line":767},"start":{"column":4,"line":767}},{"end":{"column":4,"line":767},"start":{"column":4,"line":767}}],"type":"if"},"7":{"line":53,"locations":[{"end":{"column":4,"line":53},"start":{"column":4,"line":53}},{"end":{"column":4,"line":53},"start":{"column":4,"line":53}}],"type":"if"},"70":{"line":767,"locations":[{"end":{"column":21,"line":767},"start":{"column":7,"line":767}},{"end":{"column":39,"line":767},"start":{"column":25,"line":767}},{"end":{"column":57,"line":767},"start":{"column":43,"line":767}}],"type":"binary-expr"},"71":{"line":775,"locations":[{"end":{"column":4,"line":775},"start":{"column":4,"line":775}},{"end":{"column":4,"line":775},"start":{"column":4,"line":775}}],"type":"if"},"72":{"line":781,"locations":[{"end":{"column":8,"line":781},"start":{"column":8,"line":781}},{"end":{"column":8,"line":781},"start":{"column":8,"line":781}}],"type":"if"},"73":{"line":782,"locations":[{"end":{"column":12,"line":782},"start":{"column":12,"line":782}},{"end":{"column":12,"line":782},"start":{"column":12,"line":782}}],"type":"if"},"74":{"line":795,"locations":[{"end":{"column":4,"line":795},"start":{"column":4,"line":795}},{"end":{"column":4,"line":795},"start":{"column":4,"line":795}}],"type":"if"},"75":{"line":810,"locations":[{"end":{"column":4,"line":810},"start":{"column":4,"line":810}},{"end":{"column":4,"line":810},"start":{"column":4,"line":810}}],"type":"if"},"76":{"line":818,"locations":[{"end":{"column":8,"line":818},"start":{"column":8,"line":818}},{"end":{"column":8,"line":818},"start":{"column":8,"line":818}}],"type":"if"},"77":{"line":820,"locations":[{"end":{"column":12,"line":820},"start":{"column":12,"line":820}},{"end":{"column":12,"line":820},"start":{"column":12,"line":820}}],"type":"if"},"78":{"line":828,"locations":[{"end":{"column":4,"line":828},"start":{"column":4,"line":828}},{"end":{"column":4,"line":828},"start":{"column":4,"line":828}}],"type":"if"},"79":{"line":828,"locations":[{"end":{"column":15,"line":828},"start":{"column":7,"line":828}},{"end":{"column":43,"line":828},"start":{"column":19,"line":828}}],"type":"binary-expr"},"8":{"line":97,"locations":[{"end":{"column":4,"line":97},"start":{"column":4,"line":97}},{"end":{"column":4,"line":97},"start":{"column":4,"line":97}}],"type":"if"},"80":{"line":831,"locations":[{"end":{"column":4,"line":831},"start":{"column":4,"line":831}},{"end":{"column":4,"line":831},"start":{"column":4,"line":831}}],"type":"if"},"81":{"line":842,"locations":[{"end":{"column":8,"line":842},"start":{"column":8,"line":842}},{"end":{"column":8,"line":842},"start":{"column":8,"line":842}}],"type":"if"},"82":{"line":853,"locations":[{"end":{"column":21,"line":853},"start":{"column":14,"line":853}},{"end":{"column":27,"line":853},"start":{"column":25,"line":853}}],"type":"binary-expr"},"83":{"line":855,"locations":[{"end":{"column":4,"line":855},"start":{"column":4,"line":855}},{"end":{"column":4,"line":855},"start":{"column":4,"line":855}}],"type":"if"},"84":{"line":860,"locations":[{"end":{"column":4,"line":860},"start":{"column":4,"line":860}},{"end":{"column":4,"line":860},"start":{"column":4,"line":860}}],"type":"if"},"85":{"line":871,"locations":[{"end":{"column":4,"line":871},"start":{"column":4,"line":871}},{"end":{"column":4,"line":871},"start":{"column":4,"line":871}}],"type":"if"},"86":{"line":879,"locations":[{"end":{"column":4,"line":879},"start":{"column":4,"line":879}},{"end":{"column":4,"line":879},"start":{"column":4,"line":879}}],"type":"if"},"87":{"line":882,"locations":[{"end":{"column":8,"line":882},"start":{"column":8,"line":882}},{"end":{"column":8,"line":882},"start":{"column":8,"line":882}}],"type":"if"},"88":{"line":895,"locations":[{"end":{"column":4,"line":895},"start":{"column":4,"line":895}},{"end":{"column":4,"line":895},"start":{"column":4,"line":895}}],"type":"if"},"89":{"line":897,"locations":[{"end":{"column":8,"line":897},"start":{"column":8,"line":897}},{"end":{"column":8,"line":897},"start":{"column":8,"line":897}}],"type":"if"},"9":{"line":149,"locations":[{"end":{"column":4,"line":149},"start":{"column":4,"line":149}},{"end":{"column":4,"line":149},"start":{"column":4,"line":149}}],"type":"if"},"90":{"line":902,"locations":[{"end":{"column":8,"line":902},"start":{"column":8,"line":902}},{"end":{"column":8,"line":902},"start":{"column":8,"line":902}}],"type":"if"},"91":{"line":916,"locations":[{"end":{"column":4,"line":916},"start":{"column":4,"line":916}},{"end":{"column":4,"line":916},"start":{"column":4,"line":916}}],"type":"if"},"92":{"line":921,"locations":[{"end":{"column":8,"line":921},"start":{"column":8,"line":921}},{"end":{"column":8,"line":921},"start":{"column":8,"line":921}}],"type":"if"},"93":{"line":946,"locations":[{"end":{"column":4,"line":946},"start":{"column":4,"line":946}},{"end":{"column":4,"line":946},"start":{"column":4,"line":946}}],"type":"if"},"94":{"line":962,"locations":[{"end":{"column":4,"line":962},"start":{"column":4,"line":962}},{"end":{"column":4,"line":962},"start":{"column":4,"line":962}}],"type":"if"},"95":{"line":989,"locations":[{"end":{"column":4,"line":989},"start":{"column":4,"line":989}},{"end":{"column":4,"line":989},"start":{"column":4,"line":989}}],"type":"if"},"96":{"line":990,"locations":[{"end":{"column":8,"line":990},"start":{"column":8,"line":990}},{"end":{"column":8,"line":990},"start":{"column":8,"line":990}}],"type":"if"},"97":{"line":995,"locations":[{"end":{"column":8,"line":995},"start":{"column":8,"line":995}},{"end":{"column":8,"line":995},"start":{"column":8,"line":995}}],"type":"if"},"98":{"line":998,"locations":[{"end":{"column":16,"line":998},"start":{"column":16,"line":998}},{"end":{"column":16,"line":998},"start":{"column":16,"line":998}}],"type":"if"},"99":{"line":1012,"locations":[{"end":{"column":4,"line":1012},"start":{"column":4,"line":1012}},{"end":{"column":4,"line":1012},"start":{"column":4,"line":1012}}],"type":"if"}},"f":{"1":11,"10":18,"100":0,"101":0,"102":0,"103":11,"104":2,"105":8,"106":2,"107":0,"108":0,"109":0,"11":32,"110":0,"111":15,"112":12,"113":0,"114":14,"115":18,"116":18,"117":0,"118":0,"119":0,"12":0,"120":0,"121":0,"122":0,"123":0,"124":25,"125":1,"126":1,"127":20,"128":28,"129":0,"13":0,"130":0,"131":0,"132":28,"133":0,"134":0,"135":0,"136":0,"137":28,"138":28,"139":10,"14":101,"140":0,"141":0,"142":10,"143":0,"144":4,"145":0,"146":18,"147":0,"148":2,"149":0,"15":0,"150":0,"151":0,"152":0,"153":0,"154":0,"155":21,"156":10,"157":10,"158":0,"159":4,"16":166,"160":0,"161":18,"162":0,"163":64,"164":2,"165":0,"166":0,"167":0,"168":0,"169":0,"17":81,"170":0,"171":21,"172":0,"173":0,"174":31,"175":0,"176":31,"177":93,"178":31,"179":5,"18":0,"180":0,"19":151,"2":11,"20":0,"21":0,"22":0,"23":0,"24":0,"25":0,"26":26,"27":0,"28":32,"29":13,"3":166,"30":76,"31":0,"32":4,"33":4,"34":4,"35":0,"36":0,"37":0,"38":0,"39":0,"4":0,"40":0,"41":0,"42":274,"43":6,"44":4,"45":0,"46":2,"47":6,"48":12,"49":0,"5":0,"50":0,"51":0,"52":12,"53":4,"54":4,"55":3,"56":2,"57":0,"58":0,"59":12,"6":0,"60":2,"61":4,"62":0,"63":2,"64":0,"65":0,"66":0,"67":0,"68":0,"69":0,"7":0,"70":0,"71":0,"72":0,"73":0,"74":0,"75":0,"76":4,"77":4,"78":0,"79":2,"8":18,"80":0,"81":0,"82":0,"83":0,"84":12,"85":0,"86":0,"87":0,"88":0,"89":0,"9":0,"90":2,"91":6,"92":6,"93":6,"94":30,"95":2,"96":0,"97":0,"98":0,"99":0},"fnMap":{"1":{"line":2,"loc":{"end":{"column":38,"line":2},"start":{"column":0,"line":2}},"name":"fieldval_ui_extend"},"10":{"line":116,"loc":{"end":{"column":66,"line":116},"start":{"column":33,"line":116}},"name":"(anonymous_10)"},"100":{"line":1107,"loc":{"end":{"column":42,"line":1107},"start":{"column":31,"line":1107}},"name":"(anonymous_100)"},"101":{"line":1118,"loc":{"end":{"column":41,"line":1118},"start":{"column":30,"line":1118}},"name":"(anonymous_101)"},"102":{"line":1129,"loc":{"end":{"column":40,"line":1129},"start":{"column":29,"line":1129}},"name":"(anonymous_102)"},"103":{"line":1140,"loc":{"end":{"column":55,"line":1140},"start":{"column":28,"line":1140}},"name":"(anonymous_103)"},"104":{"line":1176,"loc":{"end":{"column":47,"line":1176},"start":{"column":30,"line":1176}},"name":"(anonymous_104)"},"105":{"line":1206,"loc":{"end":{"column":39,"line":1206},"start":{"column":0,"line":1206}},"name":"FVBooleanField"},"106":{"line":1215,"loc":{"end":{"column":27,"line":1215},"start":{"column":17,"line":1215}},"name":"(anonymous_106)"},"107":{"line":1221,"loc":{"end":{"column":46,"line":1221},"start":{"column":35,"line":1221}},"name":"(anonymous_107)"},"108":{"line":1227,"loc":{"end":{"column":45,"line":1227},"start":{"column":34,"line":1227}},"name":"(anonymous_108)"},"109":{"line":1233,"loc":{"end":{"column":44,"line":1233},"start":{"column":33,"line":1233}},"name":"(anonymous_109)"},"11":{"line":123,"loc":{"end":{"column":74,"line":123},"start":{"column":56,"line":123}},"name":"(anonymous_11)"},"110":{"line":1239,"loc":{"end":{"column":43,"line":1239},"start":{"column":32,"line":1239}},"name":"(anonymous_110)"},"111":{"line":1245,"loc":{"end":{"column":58,"line":1245},"start":{"column":31,"line":1245}},"name":"(anonymous_111)"},"112":{"line":1269,"loc":{"end":{"column":38,"line":1269},"start":{"column":0,"line":1269}},"name":"FVObjectField"},"113":{"line":1281,"loc":{"end":{"column":41,"line":1281},"start":{"column":31,"line":1281}},"name":"(anonymous_113)"},"114":{"line":1292,"loc":{"end":{"column":54,"line":1292},"start":{"column":33,"line":1292}},"name":"(anonymous_114)"},"115":{"line":1305,"loc":{"end":{"column":63,"line":1305},"start":{"column":36,"line":1305}},"name":"(anonymous_115)"},"116":{"line":1315,"loc":{"end":{"column":55,"line":1315},"start":{"column":39,"line":1315}},"name":"(anonymous_116)"},"117":{"line":1340,"loc":{"end":{"column":53,"line":1340},"start":{"column":38,"line":1340}},"name":"(anonymous_117)"},"118":{"line":1346,"loc":{"end":{"column":45,"line":1346},"start":{"column":34,"line":1346}},"name":"(anonymous_118)"},"119":{"line":1359,"loc":{"end":{"column":44,"line":1359},"start":{"column":33,"line":1359}},"name":"(anonymous_119)"},"12":{"line":133,"loc":{"end":{"column":64,"line":133},"start":{"column":49,"line":133}},"name":"(anonymous_12)"},"120":{"line":1372,"loc":{"end":{"column":43,"line":1372},"start":{"column":32,"line":1372}},"name":"(anonymous_120)"},"121":{"line":1377,"loc":{"end":{"column":42,"line":1377},"start":{"column":31,"line":1377}},"name":"(anonymous_121)"},"122":{"line":1390,"loc":{"end":{"column":47,"line":1390},"start":{"column":32,"line":1390}},"name":"(anonymous_122)"},"123":{"line":1437,"loc":{"end":{"column":54,"line":1437},"start":{"column":39,"line":1437}},"name":"(anonymous_123)"},"124":{"line":1466,"loc":{"end":{"column":57,"line":1466},"start":{"column":30,"line":1466}},"name":"(anonymous_124)"},"125":{"line":1503,"loc":{"end":{"column":0,"line":1504},"start":{"column":2,"line":1503}},"name":"(anonymous_125)"},"126":{"line":1512,"loc":{"end":{"column":4,"line":1513},"start":{"column":28,"line":1512}},"name":"(anonymous_126)"},"127":{"line":1538,"loc":{"end":{"column":4,"line":1539},"start":{"column":4,"line":1538}},"name":"Plugin"},"128":{"line":1548,"loc":{"end":{"column":8,"line":1549},"start":{"column":14,"line":1548}},"name":"(anonymous_128)"},"129":{"line":1556,"loc":{"end":{"column":12,"line":1557},"start":{"column":31,"line":1556}},"name":"(anonymous_129)"},"13":{"line":141,"loc":{"end":{"column":35,"line":141},"start":{"column":25,"line":141}},"name":"(anonymous_13)"},"130":{"line":1579,"loc":{"end":{"column":12,"line":1580},"start":{"column":30,"line":1579}},"name":"(anonymous_130)"},"131":{"line":1587,"loc":{"end":{"column":12,"line":1588},"start":{"column":29,"line":1587}},"name":"(anonymous_131)"},"132":{"line":1608,"loc":{"end":{"column":8,"line":1609},"start":{"column":15,"line":1608}},"name":"(anonymous_132)"},"133":{"line":1637,"loc":{"end":{"column":8,"line":1638},"start":{"column":19,"line":1637}},"name":"(anonymous_133)"},"134":{"line":1642,"loc":{"end":{"column":8,"line":1643},"start":{"column":19,"line":1642}},"name":"(anonymous_134)"},"135":{"line":1675,"loc":{"end":{"column":8,"line":1676},"start":{"column":18,"line":1675}},"name":"(anonymous_135)"},"136":{"line":1689,"loc":{"end":{"column":8,"line":1690},"start":{"column":18,"line":1689}},"name":"(anonymous_136)"},"137":{"line":1799,"loc":{"end":{"column":4,"line":1800},"start":{"column":20,"line":1799}},"name":"(anonymous_137)"},"138":{"line":1804,"loc":{"end":{"column":29,"line":1804},"start":{"column":19,"line":1804}},"name":"(anonymous_138)"},"139":{"line":1823,"loc":{"end":{"column":37,"line":1823},"start":{"column":0,"line":1823}},"name":"FVArrayField"},"14":{"line":145,"loc":{"end":{"column":48,"line":145},"start":{"column":27,"line":145}},"name":"(anonymous_14)"},"140":{"line":1850,"loc":{"end":{"column":35,"line":1850},"start":{"column":24,"line":1850}},"name":"(anonymous_140)"},"141":{"line":1856,"loc":{"end":{"column":43,"line":1856},"start":{"column":33,"line":1856}},"name":"(anonymous_141)"},"142":{"line":1869,"loc":{"end":{"column":59,"line":1869},"start":{"column":49,"line":1869}},"name":"(anonymous_142)"},"143":{"line":1872,"loc":{"end":{"column":156,"line":1872},"start":{"column":141,"line":1872}},"name":"(anonymous_143)"},"144":{"line":1882,"loc":{"end":{"column":54,"line":1882},"start":{"column":43,"line":1882}},"name":"(anonymous_144)"},"145":{"line":1896,"loc":{"end":{"column":50,"line":1896},"start":{"column":35,"line":1896}},"name":"(anonymous_145)"},"146":{"line":1901,"loc":{"end":{"column":56,"line":1901},"start":{"column":35,"line":1901}},"name":"(anonymous_146)"},"147":{"line":1909,"loc":{"end":{"column":42,"line":1909},"start":{"column":32,"line":1909}},"name":"(anonymous_147)"},"148":{"line":1923,"loc":{"end":{"column":54,"line":1923},"start":{"column":38,"line":1923}},"name":"(anonymous_148)"},"149":{"line":1950,"loc":{"end":{"column":46,"line":1950},"start":{"column":31,"line":1950}},"name":"(anonymous_149)"},"15":{"line":155,"loc":{"end":{"column":47,"line":155},"start":{"column":32,"line":155}},"name":"(anonymous_15)"},"150":{"line":1956,"loc":{"end":{"column":53,"line":1956},"start":{"column":38,"line":1956}},"name":"(anonymous_150)"},"151":{"line":1982,"loc":{"end":{"column":48,"line":1982},"start":{"column":38,"line":1982}},"name":"(anonymous_151)"},"152":{"line":1991,"loc":{"end":{"column":43,"line":1991},"start":{"column":33,"line":1991}},"name":"(anonymous_152)"},"153":{"line":2005,"loc":{"end":{"column":42,"line":2005},"start":{"column":32,"line":2005}},"name":"(anonymous_153)"},"154":{"line":2019,"loc":{"end":{"column":47,"line":2019},"start":{"column":31,"line":2019}},"name":"(anonymous_154)"},"155":{"line":2064,"loc":{"end":{"column":56,"line":2064},"start":{"column":29,"line":2064}},"name":"(anonymous_155)"},"156":{"line":2109,"loc":{"end":{"column":40,"line":2109},"start":{"column":0,"line":2109}},"name":"FVKeyValueField"},"157":{"line":2127,"loc":{"end":{"column":62,"line":2127},"start":{"column":52,"line":2127}},"name":"(anonymous_157)"},"158":{"line":2130,"loc":{"end":{"column":157,"line":2130},"start":{"column":142,"line":2130}},"name":"(anonymous_158)"},"159":{"line":2140,"loc":{"end":{"column":57,"line":2140},"start":{"column":46,"line":2140}},"name":"(anonymous_159)"},"16":{"line":161,"loc":{"end":{"column":37,"line":161},"start":{"column":27,"line":161}},"name":"(anonymous_16)"},"160":{"line":2154,"loc":{"end":{"column":48,"line":2154},"start":{"column":38,"line":2154}},"name":"(anonymous_160)"},"161":{"line":2159,"loc":{"end":{"column":59,"line":2159},"start":{"column":38,"line":2159}},"name":"(anonymous_161)"},"162":{"line":2167,"loc":{"end":{"column":53,"line":2167},"start":{"column":35,"line":2167}},"name":"(anonymous_162)"},"163":{"line":2181,"loc":{"end":{"column":83,"line":2181},"start":{"column":44,"line":2181}},"name":"(anonymous_163)"},"164":{"line":2206,"loc":{"end":{"column":57,"line":2206},"start":{"column":41,"line":2206}},"name":"(anonymous_164)"},"165":{"line":2240,"loc":{"end":{"column":49,"line":2240},"start":{"column":34,"line":2240}},"name":"(anonymous_165)"},"166":{"line":2246,"loc":{"end":{"column":56,"line":2246},"start":{"column":41,"line":2246}},"name":"(anonymous_166)"},"167":{"line":2276,"loc":{"end":{"column":51,"line":2276},"start":{"column":41,"line":2276}},"name":"(anonymous_167)"},"168":{"line":2285,"loc":{"end":{"column":46,"line":2285},"start":{"column":36,"line":2285}},"name":"(anonymous_168)"},"169":{"line":2299,"loc":{"end":{"column":45,"line":2299},"start":{"column":35,"line":2299}},"name":"(anonymous_169)"},"17":{"line":172,"loc":{"end":{"column":48,"line":172},"start":{"column":30,"line":172}},"name":"(anonymous_17)"},"170":{"line":2313,"loc":{"end":{"column":50,"line":2313},"start":{"column":34,"line":2313}},"name":"(anonymous_170)"},"171":{"line":2358,"loc":{"end":{"column":59,"line":2358},"start":{"column":32,"line":2358}},"name":"(anonymous_171)"},"172":{"line":2416,"loc":{"end":{"column":48,"line":2416},"start":{"column":32,"line":2416}},"name":"(anonymous_172)"},"173":{"line":2420,"loc":{"end":{"column":48,"line":2420},"start":{"column":32,"line":2420}},"name":"(anonymous_173)"},"174":{"line":2429,"loc":{"end":{"column":37,"line":2429},"start":{"column":0,"line":2429}},"name":"FVProxyField"},"175":{"line":2445,"loc":{"end":{"column":40,"line":2445},"start":{"column":30,"line":2445}},"name":"(anonymous_175)"},"176":{"line":2454,"loc":{"end":{"column":63,"line":2454},"start":{"column":33,"line":2454}},"name":"(anonymous_176)"},"177":{"line":2468,"loc":{"end":{"column":61,"line":2468},"start":{"column":34,"line":2468}},"name":"(anonymous_177)"},"178":{"line":2562,"loc":{"end":{"column":54,"line":2562},"start":{"column":36,"line":2562}},"name":"(anonymous_178)"},"179":{"line":2571,"loc":{"end":{"column":55,"line":2571},"start":{"column":29,"line":2571}},"name":"(anonymous_179)"},"18":{"line":180,"loc":{"end":{"column":46,"line":180},"start":{"column":27,"line":180}},"name":"(anonymous_18)"},"180":{"line":2588,"loc":{"end":{"column":23,"line":2588},"start":{"column":0,"line":2588}},"name":"FVForm"},"19":{"line":186,"loc":{"end":{"column":48,"line":186},"start":{"column":31,"line":186}},"name":"(anonymous_19)"},"2":{"line":3,"loc":{"end":{"column":23,"line":3},"start":{"column":1,"line":3}},"name":"emptyclass"},"20":{"line":208,"loc":{"end":{"column":42,"line":208},"start":{"column":25,"line":208}},"name":"(anonymous_20)"},"21":{"line":212,"loc":{"end":{"column":42,"line":212},"start":{"column":24,"line":212}},"name":"(anonymous_21)"},"22":{"line":216,"loc":{"end":{"column":39,"line":216},"start":{"column":28,"line":216}},"name":"(anonymous_22)"},"23":{"line":236,"loc":{"end":{"column":38,"line":236},"start":{"column":27,"line":236}},"name":"(anonymous_23)"},"24":{"line":256,"loc":{"end":{"column":36,"line":256},"start":{"column":25,"line":256}},"name":"(anonymous_24)"},"25":{"line":260,"loc":{"end":{"column":37,"line":260},"start":{"column":26,"line":260}},"name":"(anonymous_25)"},"26":{"line":264,"loc":{"end":{"column":41,"line":264},"start":{"column":31,"line":264}},"name":"(anonymous_26)"},"27":{"line":269,"loc":{"end":{"column":41,"line":269},"start":{"column":31,"line":269}},"name":"(anonymous_27)"},"28":{"line":275,"loc":{"end":{"column":39,"line":275},"start":{"column":29,"line":275}},"name":"(anonymous_28)"},"29":{"line":283,"loc":{"end":{"column":42,"line":283},"start":{"column":26,"line":283}},"name":"(anonymous_29)"},"3":{"line":10,"loc":{"end":{"column":32,"line":10},"start":{"column":0,"line":10}},"name":"FVField"},"30":{"line":317,"loc":{"end":{"column":36,"line":317},"start":{"column":0,"line":317}},"name":"FVTextField"},"31":{"line":350,"loc":{"end":{"column":29,"line":350},"start":{"column":18,"line":350}},"name":"(anonymous_31)"},"32":{"line":377,"loc":{"end":{"column":36,"line":377},"start":{"column":26,"line":377}},"name":"(anonymous_32)"},"33":{"line":378,"loc":{"end":{"column":29,"line":378},"start":{"column":19,"line":378}},"name":"(anonymous_33)"},"34":{"line":385,"loc":{"end":{"column":48,"line":385},"start":{"column":38,"line":385}},"name":"(anonymous_34)"},"35":{"line":395,"loc":{"end":{"column":51,"line":395},"start":{"column":33,"line":395}},"name":"(anonymous_35)"},"36":{"line":403,"loc":{"end":{"column":46,"line":403},"start":{"column":29,"line":403}},"name":"(anonymous_36)"},"37":{"line":417,"loc":{"end":{"column":51,"line":417},"start":{"column":36,"line":417}},"name":"(anonymous_37)"},"38":{"line":426,"loc":{"end":{"column":43,"line":426},"start":{"column":32,"line":426}},"name":"(anonymous_38)"},"39":{"line":432,"loc":{"end":{"column":42,"line":432},"start":{"column":31,"line":432}},"name":"(anonymous_39)"},"4":{"line":31,"loc":{"end":{"column":45,"line":31},"start":{"column":30,"line":31}},"name":"(anonymous_4)"},"40":{"line":438,"loc":{"end":{"column":41,"line":438},"start":{"column":30,"line":438}},"name":"(anonymous_40)"},"41":{"line":444,"loc":{"end":{"column":40,"line":444},"start":{"column":29,"line":444}},"name":"(anonymous_41)"},"42":{"line":452,"loc":{"end":{"column":55,"line":452},"start":{"column":28,"line":452}},"name":"(anonymous_42)"},"43":{"line":478,"loc":{"end":{"column":31,"line":478},"start":{"column":0,"line":478}},"name":"FVPasswordField"},"44":{"line":487,"loc":{"end":{"column":39,"line":487},"start":{"column":0,"line":487}},"name":"FVDisplayField"},"45":{"line":500,"loc":{"end":{"column":49,"line":500},"start":{"column":32,"line":500}},"name":"(anonymous_45)"},"46":{"line":514,"loc":{"end":{"column":53,"line":514},"start":{"column":37,"line":514}},"name":"(anonymous_46)"},"47":{"line":527,"loc":{"end":{"column":58,"line":527},"start":{"column":31,"line":527}},"name":"(anonymous_47)"},"48":{"line":544,"loc":{"end":{"column":39,"line":544},"start":{"column":0,"line":544}},"name":"FVChoiceOption"},"49":{"line":562,"loc":{"end":{"column":31,"line":562},"start":{"column":20,"line":562}},"name":"(anonymous_49)"},"5":{"line":62,"loc":{"end":{"column":43,"line":62},"start":{"column":33,"line":62}},"name":"(anonymous_5)"},"50":{"line":565,"loc":{"end":{"column":29,"line":565},"start":{"column":18,"line":565}},"name":"(anonymous_50)"},"51":{"line":568,"loc":{"end":{"column":39,"line":568},"start":{"column":28,"line":568}},"name":"(anonymous_51)"},"52":{"line":573,"loc":{"end":{"column":58,"line":573},"start":{"column":42,"line":573}},"name":"(anonymous_52)"},"53":{"line":585,"loc":{"end":{"column":47,"line":585},"start":{"column":37,"line":585}},"name":"(anonymous_53)"},"54":{"line":591,"loc":{"end":{"column":51,"line":591},"start":{"column":41,"line":591}},"name":"(anonymous_54)"},"55":{"line":596,"loc":{"end":{"column":54,"line":596},"start":{"column":44,"line":596}},"name":"(anonymous_55)"},"56":{"line":601,"loc":{"end":{"column":50,"line":601},"start":{"column":40,"line":601}},"name":"(anonymous_56)"},"57":{"line":606,"loc":{"end":{"column":53,"line":606},"start":{"column":43,"line":606}},"name":"(anonymous_57)"},"58":{"line":611,"loc":{"end":{"column":42,"line":611},"start":{"column":32,"line":611}},"name":"(anonymous_58)"},"59":{"line":616,"loc":{"end":{"column":42,"line":616},"start":{"column":32,"line":616}},"name":"(anonymous_59)"},"6":{"line":68,"loc":{"end":{"column":48,"line":68},"start":{"column":30,"line":68}},"name":"(anonymous_6)"},"60":{"line":621,"loc":{"end":{"column":49,"line":621},"start":{"column":39,"line":621}},"name":"(anonymous_60)"},"61":{"line":627,"loc":{"end":{"column":38,"line":627},"start":{"column":0,"line":627}},"name":"FVChoiceField"},"62":{"line":646,"loc":{"end":{"column":31,"line":646},"start":{"column":20,"line":646}},"name":"(anonymous_62)"},"63":{"line":651,"loc":{"end":{"column":30,"line":651},"start":{"column":19,"line":651}},"name":"(anonymous_63)"},"64":{"line":659,"loc":{"end":{"column":44,"line":659},"start":{"column":33,"line":659}},"name":"(anonymous_64)"},"65":{"line":664,"loc":{"end":{"column":55,"line":664},"start":{"column":43,"line":664}},"name":"(anonymous_65)"},"66":{"line":682,"loc":{"end":{"column":76,"line":682},"start":{"column":65,"line":682}},"name":"(anonymous_66)"},"67":{"line":684,"loc":{"end":{"column":29,"line":684},"start":{"column":18,"line":684}},"name":"(anonymous_67)"},"68":{"line":688,"loc":{"end":{"column":49,"line":688},"start":{"column":38,"line":688}},"name":"(anonymous_68)"},"69":{"line":715,"loc":{"end":{"column":46,"line":715},"start":{"column":36,"line":715}},"name":"(anonymous_69)"},"7":{"line":76,"loc":{"end":{"column":37,"line":76},"start":{"column":27,"line":76}},"name":"(anonymous_7)"},"70":{"line":719,"loc":{"end":{"column":44,"line":719},"start":{"column":34,"line":719}},"name":"(anonymous_70)"},"71":{"line":724,"loc":{"end":{"column":53,"line":724},"start":{"column":42,"line":724}},"name":"(anonymous_71)"},"72":{"line":729,"loc":{"end":{"column":51,"line":729},"start":{"column":40,"line":729}},"name":"(anonymous_72)"},"73":{"line":734,"loc":{"end":{"column":52,"line":734},"start":{"column":40,"line":734}},"name":"(anonymous_73)"},"74":{"line":765,"loc":{"end":{"column":54,"line":765},"start":{"column":42,"line":765}},"name":"(anonymous_74)"},"75":{"line":772,"loc":{"end":{"column":46,"line":772},"start":{"column":36,"line":772}},"name":"(anonymous_75)"},"76":{"line":792,"loc":{"end":{"column":46,"line":792},"start":{"column":36,"line":792}},"name":"(anonymous_76)"},"77":{"line":807,"loc":{"end":{"column":56,"line":807},"start":{"column":33,"line":807}},"name":"(anonymous_77)"},"78":{"line":836,"loc":{"end":{"column":55,"line":836},"start":{"column":40,"line":836}},"name":"(anonymous_78)"},"79":{"line":850,"loc":{"end":{"column":72,"line":850},"start":{"column":40,"line":850}},"name":"(anonymous_79)"},"8":{"line":88,"loc":{"end":{"column":62,"line":88},"start":{"column":29,"line":88}},"name":"(anonymous_8)"},"80":{"line":876,"loc":{"end":{"column":44,"line":876},"start":{"column":34,"line":876}},"name":"(anonymous_80)"},"81":{"line":892,"loc":{"end":{"column":46,"line":892},"start":{"column":36,"line":892}},"name":"(anonymous_81)"},"82":{"line":913,"loc":{"end":{"column":57,"line":913},"start":{"column":41,"line":913}},"name":"(anonymous_82)"},"83":{"line":919,"loc":{"end":{"column":25,"line":919},"start":{"column":15,"line":919}},"name":"(anonymous_83)"},"84":{"line":935,"loc":{"end":{"column":70,"line":935},"start":{"column":37,"line":935}},"name":"(anonymous_84)"},"85":{"line":941,"loc":{"end":{"column":66,"line":941},"start":{"column":40,"line":941}},"name":"(anonymous_85)"},"86":{"line":953,"loc":{"end":{"column":75,"line":953},"start":{"column":42,"line":953}},"name":"(anonymous_86)"},"87":{"line":959,"loc":{"end":{"column":55,"line":959},"start":{"column":45,"line":959}},"name":"(anonymous_87)"},"88":{"line":967,"loc":{"end":{"column":43,"line":967},"start":{"column":32,"line":967}},"name":"(anonymous_88)"},"89":{"line":971,"loc":{"end":{"column":25,"line":971},"start":{"column":15,"line":971}},"name":"(anonymous_89)"},"9":{"line":107,"loc":{"end":{"column":64,"line":107},"start":{"column":49,"line":107}},"name":"(anonymous_9)"},"90":{"line":978,"loc":{"end":{"column":42,"line":978},"start":{"column":31,"line":978}},"name":"(anonymous_90)"},"91":{"line":986,"loc":{"end":{"column":57,"line":986},"start":{"column":30,"line":986}},"name":"(anonymous_91)"},"92":{"line":1009,"loc":{"end":{"column":36,"line":1009},"start":{"column":0,"line":1009}},"name":"FVDateField"},"93":{"line":1023,"loc":{"end":{"column":99,"line":1023},"start":{"column":72,"line":1023}},"name":"(anonymous_93)"},"94":{"line":1046,"loc":{"end":{"column":87,"line":1046},"start":{"column":51,"line":1046}},"name":"(anonymous_94)"},"95":{"line":1066,"loc":{"end":{"column":30,"line":1066},"start":{"column":20,"line":1066}},"name":"(anonymous_95)"},"96":{"line":1070,"loc":{"end":{"column":29,"line":1070},"start":{"column":19,"line":1070}},"name":"(anonymous_96)"},"97":{"line":1081,"loc":{"end":{"column":46,"line":1081},"start":{"column":29,"line":1081}},"name":"(anonymous_97)"},"98":{"line":1087,"loc":{"end":{"column":51,"line":1087},"start":{"column":36,"line":1087}},"name":"(anonymous_98)"},"99":{"line":1096,"loc":{"end":{"column":43,"line":1096},"start":{"column":32,"line":1096}},"name":"(anonymous_99)"}},"path":"/Users/marcuslongmuir/workspace/FieldVal/fieldval-ui/fieldval-ui.js","s":{"1":1,"10":166,"100":0,"1000":4,"1001":1,"1002":0,"1003":0,"1004":1,"1005":18,"1006":18,"1007":0,"1008":18,"1009":0,"101":0,"1010":18,"1011":18,"1012":18,"1013":18,"1014":18,"1015":0,"1016":1,"1017":2,"1018":2,"1019":2,"102":1,"1020":0,"1021":0,"1022":2,"1023":2,"1024":2,"1025":2,"1026":2,"1027":2,"1028":2,"1029":0,"103":151,"1030":2,"1031":2,"1032":2,"1033":1,"1034":0,"1035":0,"1036":1,"1037":0,"1038":0,"1039":0,"104":151,"1040":0,"1041":0,"1042":0,"1043":0,"1044":0,"1045":0,"1046":0,"1047":0,"1048":0,"1049":1,"105":14,"1050":0,"1051":0,"1052":0,"1053":0,"1054":1,"1055":0,"1056":0,"1057":0,"1058":0,"1059":0,"106":151,"1060":0,"1061":0,"1062":0,"1063":1,"1064":0,"1065":0,"1066":0,"1067":0,"1068":0,"1069":0,"107":151,"1070":0,"1071":0,"1072":1,"1073":0,"1074":0,"1075":0,"1076":0,"1077":0,"1078":0,"1079":0,"108":116,"1080":0,"1081":0,"1082":0,"1083":0,"1084":0,"1085":0,"1086":0,"1087":0,"1088":0,"1089":0,"109":116,"1090":0,"1091":0,"1092":0,"1093":0,"1094":1,"1095":21,"1096":21,"1097":21,"1098":15,"1099":15,"11":166,"110":151,"1100":24,"1101":24,"1102":24,"1103":15,"1104":6,"1105":6,"1106":6,"1107":14,"1108":14,"1109":14,"111":6,"1110":14,"1111":14,"1112":14,"1113":14,"1114":0,"1115":14,"1116":6,"1117":6,"1118":6,"1119":1,"112":151,"1120":1,"1121":10,"1122":10,"1123":10,"1124":10,"1125":10,"1126":10,"1127":10,"1128":10,"1129":1,"113":1,"1130":10,"1131":10,"1132":0,
[...]
"column":4,"line":1378}},"753":{"end":{"column":5,"line":1385},"start":{"column":4,"line":1380}},"754":{"end":{"column":9,"line":1384},"start":{"column":8,"line":1381}},"755":{"end":{"column":46,"line":1382},"start":{"column":12,"line":1382}},"756":{"end":{"column":31,"line":1383},"start":{"column":12,"line":1383}},"757":{"end":{"column":17,"line":1387},"start":{"column":4,"line":1387}},"758":{"end":{"column":1,"line":1435},"start":{"column":0,"line":1390}},"759":{"end":{"column":21,"line":1391},"start":{"column":4,"line":1391}},"76":{"end":{"column":35,"line":134},"start":{"column":12,"line":134}},"760":{"end":{"column":52,"line":1393},"start":{"column":4,"line":1393}},"761":{"end":{"column":32,"line":1395},"start":{"column":4,"line":1395}},"762":{"end":{"column":5,"line":1434},"start":{"column":4,"line":1397}},"763":{"end":{"column":9,"line":1402},"start":{"column":8,"line":1399}},"764":{"end":{"column":47,"line":1400},"start":{"column":12,"line":1400}},"765":{"end":{"column":19,"line":1401},"start":{"column":12,"line":1401}},"766":{"end":{"column":9,"line":1429},"start":{"column":8,"line":1404}},"767":{"end":{"column":38,"line":1405},"start":{"column":12,"line":1405}},"768":{"end":{"column":31,"line":1406},"start":{"column":12,"line":1406}},"769":{"end":{"column":13,"line":1427},"start":{"column":12,"line":1408}},"77":{"end":{"column":60,"line":135},"start":{"column":12,"line":135}},"770":{"end":{"column":45,"line":1409},"start":{"column":16,"line":1409}},"771":{"end":{"column":17,"line":1419},"start":{"column":16,"line":1410}},"772":{"end":{"column":52,"line":1411},"start":{"column":20,"line":1411}},"773":{"end":{"column":21,"line":1418},"start":{"column":20,"line":1412}},"774":{"end":{"column":54,"line":1413},"start":{"column":24,"line":1413}},"775":{"end":{"column":25,"line":1417},"start":{"column":24,"line":1415}},"776":{"end":{"column":18,"line":1422},"start":{"column":16,"line":1420}},"777":{"end":{"column":17,"line":1426},"start":{"column":16,"line":1424}},"778":{"end":{"column":31,"line":1428},"start":{"column":12,"line":1428}},"779":{"end":{"column":33,"line":1432},"start":{"column":8,"line":1432}},"78":{"end":{"column":27,"line":136},"start":{"column":12,"line":136}},"780":{"end":{"column":27,"line":1433},"start":{"column":8,"line":1433}},"781":{"end":{"column":1,"line":1464},"start":{"column":0,"line":1437}},"782":{"end":{"column":21,"line":1438},"start":{"column":4,"line":1438}},"783":{"end":{"column":5,"line":1463},"start":{"column":4,"line":1442}},"784":{"end":{"column":49,"line":1443},"start":{"column":8,"line":1443}},"785":{"end":{"column":49,"line":1444},"start":{"column":8,"line":1444}},"786":{"end":{"column":59,"line":1445},"start":{"column":8,"line":1445}},"787":{"end":{"column":9,"line":1454},"start":{"column":8,"line":1447}},"788":{"end":{"column":13,"line":1453},"start":{"column":12,"line":1448}},"789":{"end":{"column":50,"line":1449},"start":{"column":16,"line":1449}},"79":{"end":{"column":1,"line":143},"start":{"column":0,"line":141}},"790":{"end":{"column":107,"line":1451},"start":{"column":16,"line":1451}},"791":{"end":{"column":47,"line":1452},"start":{"column":16,"line":1452}},"792":{"end":{"column":9,"line":1462},"start":{"column":8,"line":1457}},"793":{"end":{"column":13,"line":1461},"start":{"column":12,"line":1458}},"794":{"end":{"column":50,"line":1459},"start":{"column":16,"line":1459}},"795":{"end":{"column":40,"line":1460},"start":{"column":16,"line":1460}},"796":{"end":{"column":1,"line":1503},"start":{"column":0,"line":1466}},"797":{"end":{"column":21,"line":1467},"start":{"column":4,"line":1467}},"798":{"end":{"column":27,"line":1469},"start":{"column":4,"line":1469}},"799":{"end":{"column":5,"line":1497},"start":{"column":4,"line":1471}},"8":{"end":{"column":1,"line":60},"start":{"column":0,"line":10}},"80":{"end":{"column":21,"line":142},"start":{"column":4,"line":142}},"800":{"end":{"column":23,"line":1472},"start":{"column":5,"line":1472}},"801":{"end":{"column":6,"line":1483},"start":{"column":5,"line":1473}},"802":{"end":{"column":13,"line":1482},"start":{"column":12,"line":1474}},"803":{"end":{"column":44,"line":1475},"start":{"column":10,"line":1475}},"804":{"end":{"column":17,"line":1481},"start":{"column":16,"line":1476}},"805":{"end":{"column":50,"line":1477},"start":{"column":20,"line":1477}},"806":{"end":{"column":21,"line":1480},"start":{"column":20,"line":1478}},"807":{"end":{"column":38,"line":1479},"start":{"column":18,"line":1479}},"808":{"end":{"column":24,"line":1484},"start":{"column":8,"line":1484}},"809":{"end":{"column":44,"line":1486},"start":{"column":8,"line":1486}},"81":{"end":{"column":1,"line":153},"start":{"column":0,"line":145}},"810":{"end":{"column":6,"line":1492},"start":{"column":5,"line":1487}},"811":{"end":{"column":40,"line":1488},"start":{"column":6,"line":1488}},"812":{"end":{"column":13,"line":1491},"start":{"column":12,"line":1489}},"813":{"end":{"column":47,"line":1490},"start":{"column":10,"line":1490}},"814":{"end":{"column":9,"line":1495},"start":{"column":8,"line":1493}},"815":{"end":{"column":38,"line":1494},"start":{"column":12,"line":1494}},"816":{"end":{"column":21,"line":1496},"start":{"column":8,"line":1496}},"817":{"end":{"column":52,"line":1820},"start":{"column":1,"line":1503}},"818":{"end":{"column":46,"line":1505},"start":{"column":4,"line":1505}},"819":{"end":{"column":9,"line":1525},"start":{"column":4,"line":1512}},"82":{"end":{"column":21,"line":146},"start":{"column":4,"line":146}},"820":{"end":{"column":45,"line":1515},"start":{"column":8,"line":1514}},"821":{"end":{"column":9,"line":1518},"start":{"column":8,"line":1516}},"822":{"end":{"column":25,"line":1517},"start":{"column":12,"line":1517}},"823":{"end":{"column":40,"line":1519},"start":{"column":8,"line":1519}},"824":{"end":{"column":37,"line":1520},"start":{"column":8,"line":1520}},"825":{"end":{"column":30,"line":1521},"start":{"column":8,"line":1521}},"826":{"end":{"column":107,"line":1522},"start":{"column":8,"line":1522}},"827":{"end":{"column":30,"line":1523},"start":{"column":8,"line":1523}},"828":{"end":{"column":26,"line":1524},"start":{"column":8,"line":1524}},"829":{"end":{"column":6,"line":1536},"start":{"column":4,"line":1527}},"83":{"end":{"column":27,"line":148},"start":{"column":4,"line":148}},"830":{"end":{"column":5,"line":1544},"start":{"column":4,"line":1538}},"831":{"end":{"column":30,"line":1540},"start":{"column":8,"line":1540}},"832":{"end":{"column":29,"line":1541},"start":{"column":8,"line":1541}},"833":{"end":{"column":55,"line":1542},"start":{"column":8,"line":1542}},"834":{"end":{"column":20,"line":1543},"start":{"column":8,"line":1543}},"835":{"end":{"column":6,"line":1797},"start":{"column":4,"line":1546}},"836":{"end":{"column":28,"line":1550},"start":{"column":12,"line":1550}},"837":{"end":{"column":25,"line":1552},"start":{"column":12,"line":1552}},"838":{"end":{"column":79,"line":1554},"start":{"column":12,"line":1554}},"839":{"end":{"column":14,"line":1577},"start":{"column":12,"line":1556}},"84":{"end":{"column":5,"line":152},"start":{"column":4,"line":149}},"840":{"end":{"column":41,"line":1558},"start":{"column":16,"line":1558}},"841":{"end":{"column":17,"line":1561},"start":{"column":16,"line":1559}},"842":{"end":{"column":76,"line":1560},"start":{"column":20,"line":1560}},"843":{"end":{"column":17,"line":1565},"start":{"column":16,"line":1563}},"844":{"end":{"column":27,"line":1564},"start":{"column":20,"line":1564}},"845":{"end":{"column":53,"line":1567},"start":{"column":16,"line":1567}},"846":{"end":{"column":17,"line":1570},"start":{"column":16,"line":1568}},"847":{"end":{"column":27,"line":1569},"start":{"column":20,"line":1569}},"848":{"end":{"column":74,"line":1572},"start":{"column":16,"line":1572}},"849":{"end":{"column":17,"line":1576},"start":{"column":16,"line":1573}},"85":{"end":{"column":41,"line":150},"start":{"column":8,"line":150}},"850":{"end":{"column":39,"line":1574},"start":{"column":20,"line":1574}},"851":{"end":{"column":65,"line":1575},"start":{"column":20,"line":1575}},"852":{"end":{"column":14,"line":1585},"start":{"column":12,"line":1579}},"853":{"end":{"column":17,"line":1584},"start":{"column":16,"line":1581}},"854":{"end":{"column":39,"line":1582},"start":{"column":20,"line":1582}},"855":{"end":{"column":64,"line":1583},"start":{"column":20,"line":1583}},"856":{"end":{"column":14,"line":1593},"start":{"column":12,"line":1587}},"857":{"end":{"column":17,"line":1592},"start":{"column":16,"line":1589}},"858":{"end":{"column":39,"line":1590},"start":{"column":20,"line":1590}},"859":{"end":{"column":64,"line":1591},"start":{"column":20,"line":1591}},"86":{"end":{"column":28,"line":151},"start":{"column":8,"line":151}},"860":{"end":{"column":13,"line":1600},"start":{"column":12,"line":1595}},"861":{"end":{"column":79,"line":1596},"start":{"column":16,"line":1596}},"862":{"end":{"column":73,"line":1597},"start":{"column":16,"line":1597}},"863":{"end":{"column":71,"line":1598},"start":{"column":16,"line":1598}},"864":{"end":{"column":74,"line":1599},"start":{"column":16,"line":1599}},"865":{"end":{"column":50,"line":1602},"start":{"column":12,"line":1602}},"866":{"end":{"column":48,"line":1603},"start":{"column":12,"line":1603}},"867":{"end":{"column":45,"line":1604},"start":{"column":12,"line":1604}},"868":{"end":{"column":14,"line":1628},"start":{"column":12,"line":1610}},"869":{"end":{"column":36,"line":1629},"start":{"column":12,"line":1629}},"87":{"end":{"column":1,"line":159},"start":{"column":0,"line":155}},"870":{"end":{"column":36,"line":1630},"start":{"column":12,"line":1630}},"871":{"end":{"column":35,"line":1631},"start":{"column":12,"line":1631}},"872":{"end":{"column":35,"line":1632},"start":{"column":12,"line":1632}},"873":{"end":{"column":36,"line":1633},"start":{"column":12,"line":1633}},"874":{"end":{"column":35,"line":1634},"start":{"column":12,"line":1634}},"875":{"end":{"column":43,"line":1639},"start":{"column":12,"line":1639}},"876":{"end":{"column":69,"line":1646},"start":{"column":12,"line":1644}},"877":{"end":{"column":58,"line":1648},"start":{"column":12,"line":1648}},"878":{"end":{"column":56,"line":1649},"start":{"column":12,"line":1649}},"879":{"end":{"column":65,"line":1650},"start":{"column":12,"line":1650}},"88":{"end":{"column":21,"line":156},"start":{"column":4,"line":156}},"880":{"end":{"column":97,"line":1652},"start":{"column":12,"line":1652}},"881":{"end":{"column":96,"line":1653},"start":{"column":12,"line":1653}},"882":{"end":{"column":49,"line":1654},"start":{"column":12,"line":1654}},"883":{"end":{"column":49,"line":1655},"start":{"column":12,"line":1655}},"884":{"end":{"column":38,"line":1657},"start":{"column":12,"line":1657}},"885":{"end":{"column":46,"line":1659},"start":{"column":12,"line":1659}},"886":{"end":{"column":112,"line":1661},"start":{"column":12,"line":1661}},"887":{"end":{"column":55,"line":1662},"start":{"column":12,"line":1662}},"888":{"end":{"column":41,"line":1664},"start":{"column":12,"line":1664}},"889":{"end":{"column":60,"line":1665},"start":{"column":12,"line":1665}},"89":{"end":{"column":22,"line":157},"start":{"column":4,"line":157}},"890":{"end":{"column":43,"line":1666},"start":{"column":12,"line":1666}},"891":{"end":{"column":43,"line":1668},"start":{"column":12,"line":1668}},"892":{"end":{"column":15,"line":1672},"start":{"column":12,"line":1669}},"893":{"end":{"column":77,"line":1677},"start":{"column":12,"line":1677}},"894":{"end":{"column":48,"line":1678},"start":{"column":12,"line":1678}},"895":{"end":{"column":41,"line":1679},"start":{"column":12,"line":1679}},"896":{"end":{"column":33,"line":1681},"start":{"column":12,"line":1681}},"897":{"end":{"column":38,"line":1682},"start":{"column":12,"line":1682}},"898":{"end":{"column":13,"line":1685},"start":{"column":12,"line":1683}},"899":{"end":{"column":50,"line":1684},"start":{"column":16,"line":1684}},"9":{"end":{"column":21,"line":11},"start":{"column":4,"line":11}},"90":{"end":{"column":17,"line":158},"start":{"column":4,"line":158}},"900":{"end":{"column":25,"line":1686},"start":{"column":12,"line":1686}},"901":{"end":{"column":35,"line":1693},"start":{"column":12,"line":1691}},"902":{"end":{"column":15,"line":1698},"start":{"column":12,"line":1695}},"903":{"end":{"column":37,"line":1701},"start":{"column":12,"line":1701}},"904":{"end":{"column":37,"line":1702},"start":{"column":12,"line":1702}},"905":{"end":{"column":34,"line":1704},"start":{"column":12,"line":1704}},"906":{"end":{"column":34,"line":1705},"start":{"column":12,"line":1705}},"907":{"end":{"column":51,"line":1707},"start":{"column":12,"line":1707}},"908":{"end":{"column":51,"line":1708},"start":{"column":12,"line":1708}},"909":{"end":{"column":40,"line":1710},"start":{"column":12,"line":1710}},"91":{"end":{"column":1,"line":170},"start":{"column":0,"line":161}},"910":{"end":{"column":40,"line":1711},"start":{"column":12,"line":1711}},"911":{"end":{"column":74,"line":1713},"start":{"column":12,"line":1713}},"912":{"end":{"column":74,"line":1714},"start":{"column":12,"line":1714}},"913":{"end":{"column":80,"line":1716},"start":{"column":12,"line":1716}},"914":{"end":{"column":13,"line":1723},"start":{"column":12,"line":1719}},"915":{"end":{"column":37,"line":1720},"start":{"column":16,"line":1720}},"916":{"end":{"column":36,"line":1721},"start":{"column":16,"line":1721}},"917":{"end":{"column":23,"line":1722},"start":{"column":16,"line":1722}},"918":{"end":{"column":13,"line":1738},"start":{"column":12,"line":1726}},"919":{"end":{"column":34,"line":1727},"start":{"column":16,"line":1727}},"92":{"end":{"column":21,"line":162},"start":{"column":4,"line":162}},"920":{"end":{"column":34,"line":1728},"start":{"column":16,"line":1728}},"921":{"end":{"column":55,"line":1730},"start":{"column":16,"line":1730}},"922":{"end":{"column":17,"line":1733},"start":{"column":16,"line":1731}},"923":{"end":{"column":38,"line":1732},"start":{"column":20,"line":1732}},"924":{"end":{"column":55,"line":1734},"start":{"column":16,"line":1734}},"925":{"end":{"column":17,"line":1737},"start":{"column":16,"line":1735}},"926":{"end":{"column":38,"line":1736},"start":{"column":20,"line":1736}},"927":{"end":{"column":32,"line":1739},"start":{"column":12,"line":1739}},"928":{"end":{"column":32,"line":1741},"start":{"column":12,"line":1741}},"929":{"end":{"column":13,"line":1746},"start":{"column":12,"line":1744}},"93":{"end":{"column":5,"line":169},"start":{"column":4,"line":164}},"930":{"end":{"column":59,"line":1745},"start":{"column":16,"line":1745}},"931":{"end":{"column":161,"line":1749},"start":{"column":12,"line":1749}},"932":{"end":{"column":13,"line":1752},"start":{"column":12,"line":1750}},"933":{"end":{"column":63,"line":1751},"start":{"column":16,"line":1751}},"934":{"end":{"column":13,"line":1755},"start":{"column":12,"line":1753}},"935":{"end":{"column":60,"line":1754},"start":{"column":16,"line":1754}},"936":{"end":{"column":13,"line":1761},"start":{"column":12,"line":1756}},"937":{"end":{"column":61,"line":1757},"start":{"column":16,"line":1757}},"938":{"end":{"column":13,"line":1761},"start":{"column":17,"line":1759}},"939":{"end":{"column":23,"line":1760},"start":{"column":16,"line":1760}},"94":{"end":{"column":1,"line":178},"start":{"column":0,"line":172}},"940":{"end":{"column":54,"line":1764},"start":{"column":12,"line":1764}},"941":{"end":{"column":13,"line":1773},"start":{"column":12,"line":1771}},"942":{"end":{"column":23,"line":1772},"start":{"column":16,"line":1772}},"943":{"end":{"column":35,"line":1775},"start":{"column":12,"line":1775}},"944":{"end":{"column":60,"line":1777},"start":{"column":12,"line":1777}},"945":{"end":{"column":60,"line":1778},"start":{"column":12,"line":1778}},"946":{"end":{"column":92,"line":1779},"start":{"column":12,"line":1779}},"947":{"end":{"column":92,"line":1780},"start":{"column":12,"line":1780}},"948":{"end":{"column":13,"line":1794},"start":{"column":12,"line":1782}},"949":{"end":{"column":17,"line":1787},"start":{"column":16,"line":1783}},"95":{"end":{"column":21,"line":173},"start":{"column":4,"line":173}},"950":{"end":{"column":54,"line":1784},"start":{"column":20,"line":1784}},"951":{"end":{"column":53,"line":1786},"start":{"column":20,"line":1786}},"952":{"end":{"column":17,"line":1793},"start":{"column":16,"line":1789}},"953":{"end":{"column":54,"line":1790},"start":{"column":20,"line":1790}},"954":{"end":{"column":17,"line":1793},"start":{"column":23,"line":1791}},"955":{"end":{"column":53,"line":1792},"start":{"column":20,"line":1792}},"956":{"end":{"column":6,"line":1818},"start":{"column":4,"line":1799}},"957":{"end":{"column":26,"line":1802},"start":{"column":8,"line":1801}},"958":{"end":{"column":11,"line":1815},"start":{"column":8,"line":1804}},"959":{"end":{"column":50,"line":1805},"start":{"column":12,"line":1805}},"96":{"end":{"column":45,"line":175},"start":{"column":4,"line":175}},"960":{"end":{"column":13,"line":1814},"start":{"column":12,"line":1807}},"961":{"end":{"column":67,"line":1808},"start":{"column":16,"line":1808}},"962":{"end":{"column":66,"line":1809},"start":{"column":16,"line":1809}},"963":{"end":{"column":17,"line":1813},"start":{"column":16,"line":1811}},"964":{"end":{"column":46,"line":1812},"start":{"column":20,"line":1812}},"965":{"end":{"column":31,"line":1817},"start":{"column":8,"line":1817}},"966":{"end":{"column":42,"line":1822},"start":{"column":0,"line":1822}},"967":{"end":{"column":1,"line":1854},"start":{"column":0,"line":1823}},"968":{"end":{"column":21,"line":1824},"start":{"column":4,"line":1824}},"969":{"end":{"column":60,"line":1826},"start":{"column":4,"line":1826}},"97":{"end":{"column":17,"line":177},"start":{"column":4,"line":177}},"970":{"end":{"column":22,"line":1828},"start":{"column":4,"line":1828}},"971":{"end":{"column":108,"line":1830},"start":{"column":4,"line":1830}},"972":{"end":{"column":33,"line":1831},"start":{"column":4,"line":1831}},"973":{"end":{"column":45,"line":1833},"start":{"column":4,"line":1833}},"974":{"end":{"column":5,"line":1837},"start":{"column":4,"line":1834}},"975":{"end":{"column":90,"line":1839},"start":{"column":4,"line":1839}},"976":{"end":{"column":5,"line":1853},"start":{"column":4,"line":1841}},"977":{"end":{"column":58,"line":1842},"start":{"column":8,"line":1842}},"978":{"end":{"column":11,"line":1852},"start":{"column":8,"line":1843}},"979":{"end":{"column":28,"line":1851},"start":{"column":12,"line":1851}},"98":{"end":{"column":1,"line":184},"start":{"column":0,"line":180}},"980":{"end":{"column":1,"line":1867},"start":{"column":0,"line":1856}},"981":{"end":{"column":21,"line":1857},"start":{"column":4,"line":1857}},"982":{"end":{"column":22,"line":1859},"start":{"column":4,"line":1859}},"983":{"end":{"column":51,"line":1861},"start":{"column":4,"line":1861}},"984":{"end":{"column":5,"line":1866},"start":{"column":4,"line":1862}},"985":{"end":{"column":35,"line":1863},"start":{"column":8,"line":1863}},"986":{"end":{"column":46,"line":1864},"start":{"column":8,"line":1864}},"987":{"end":{"column":39,"line":1865},"start":{"column":8,"line":1865}},"988":{"end":{"column":1,"line":1880},"start":{"column":0,"line":1869}},"989":{"end":{"column":21,"line":1870},"start":{"column":4,"line":1870}},"99":{"end":{"column":21,"line":181},"start":{"column":4,"line":181}},"990":{"end":{"column":7,"line":1875},"start":{"column":4,"line":1872}},"991":{"end":{"column":31,"line":1873},"start":{"column":8,"line":1873}},"992":{"end":{"column":34,"line":1874},"start":{"column":8,"line":1874}},"993":{"end":{"column":51,"line":1877},"start":{"column":4,"line":1877}},"994":{"end":{"column":28,"line":1879},"start":{"column":4,"line":1879}},"995":{"end":{"column":1,"line":1894},"start":{"column":0,"line":1882}},"996":{"end":{"column":21,"line":1883},"start":{"column":4,"line":1883}},"997":{"end":{"column":62,"line":1884},"start":{"column":4,"line":1884}},"998":{"end":{"column":5,"line":1893},"start":{"column":4,"line":1889}},"999":{"end":{"column":9,"line":1892},"start":{"column":8,"line":1890}}}}}